<?xml version="1.0" encoding="utf-8"?><testsuites name="pytest tests"><testsuite name="pytest" errors="0" failures="0" skipped="0" tests="7" time="7.095" timestamp="2026-07-19T02:06:06.005354+00:00" hostname="agent-env-6e8bf550-dac5-447e-8891-7c8a53905280"><testcase classname="tests.test_deploy_readiness" name="test_health_endpoint" time="0.253" /><testcase classname="tests.test_deploy_readiness" name="test_super_admin_login_returns_token" time="0.338" /><testcase classname="tests.test_deploy_readiness" name="test_courses_public_returns_28" time="0.119" /><testcase classname="tests.test_deploy_readiness" name="test_founding_seats_public_no_auth" time="0.177" /><testcase classname="tests.test_deploy_readiness" name="test_register_new_user_and_welcome_email_logged" time="4.353" /><testcase classname="tests.test_deploy_readiness" name="test_authenticated_assessment_session_returns_5_questions" time="0.355" /><testcase classname="tests.test_deploy_readiness" name="test_zzz_cleanup_registered_example_user" time="0.618" /></testsuite></testsuites>