<?xml version="1.0" encoding="utf-8"?><testsuites name="pytest tests"><testsuite name="pytest" errors="0" failures="0" skipped="0" tests="16" time="2.097" timestamp="2026-07-20T15:29:56.911022+00:00" hostname="agent-env-6e8bf550-dac5-447e-8891-7c8a53905280"><testcase classname="tests.test_iteration59_slack_leads.TestValidation" name="test_invalid_email_422" time="0.445" /><testcase classname="tests.test_iteration59_slack_leads.TestStatusTransition" name="test_valid_status_transition" time="0.559" /><testcase classname="tests.test_iteration59_slack_leads.TestValidation" name="test_missing_name_422" time="0.070" /><testcase classname="tests.test_iteration59_slack_leads.TestValidation" name="test_unknown_bundle_clamped_to_generic" time="0.114" /><testcase classname="tests.test_iteration59_slack_leads.TestStatusTransition" name="test_invalid_status_rejected" time="0.121" /><testcase classname="tests.test_iteration59_slack_leads.TestValidation" name="test_seat_count_upper_bound" time="0.054" /><testcase classname="tests.test_iteration59_slack_leads.TestStatusTransition" name="test_status_update_404_for_unknown_lead" time="0.058" /><testcase classname="tests.test_iteration59_slack_leads.TestValidation" name="test_seat_count_lower_bound" time="0.056" /><testcase classname="tests.test_iteration59_slack_leads.TestStatusTransition" name="test_status_transition_requires_super_admin" time="0.057" /><testcase classname="tests.test_iteration59_slack_leads.TestValidation" name="test_message_length_cap" time="0.067" /><testcase classname="tests.test_iteration59_slack_leads.TestAdminList" name="test_admin_list_requires_auth" time="0.049" /><testcase classname="tests.test_iteration59_slack_leads.TestHappyPath" name="test_public_submit_returns_lead_id" time="0.112" /><testcase classname="tests.test_iteration59_slack_leads.TestAdminList" name="test_admin_list_shape" time="0.122" /><testcase classname="tests.test_iteration59_slack_leads.TestRateLimit" name="test_per_email_silent_throttle" time="0.258" /><testcase classname="tests.test_iteration59_slack_leads.TestAdminList" name="test_admin_status_filter" time="0.307" /><testcase classname="tests.test_iteration59_slack_leads.TestSlackDegradation" name="test_slack_not_configured_flag_true_when_url_blank" time="0.001" /></testsuite></testsuites>