<?xml version="1.0" encoding="utf-8"?><testsuites name="pytest tests"><testsuite name="pytest" errors="0" failures="0" skipped="0" tests="8" time="8.768" timestamp="2026-07-19T03:27:24.601826+00:00" hostname="agent-env-6e8bf550-dac5-447e-8891-7c8a53905280"><testcase classname="tests.test_iteration51_share_ratings_seats.TestFoundingSeats" name="test_founding_seats_public" time="0.170" /><testcase classname="tests.test_iteration51_share_ratings_seats.TestTutorRatings" name="test_full_rating_flow" time="7.350" /><testcase classname="tests.test_iteration51_share_ratings_seats.TestTutorRatings" name="test_rate_requires_auth" time="0.040" /><testcase classname="tests.test_iteration51_share_ratings_seats.TestAiOpsPayload" name="test_ai_ops_contains_ratings_fields" time="0.315" /><testcase classname="tests.test_iteration51_share_ratings_seats.TestShareEndpoints" name="test_share_image_png" time="0.142" /><testcase classname="tests.test_iteration51_share_ratings_seats.TestShareEndpoints" name="test_share_image_404_for_unknown" time="0.059" /><testcase classname="tests.test_iteration51_share_ratings_seats.TestShareEndpoints" name="test_share_landing_html" time="0.042" /><testcase classname="tests.test_iteration51_share_ratings_seats.TestShareEndpoints" name="test_share_landing_404_for_unknown" time="0.570" /></testsuite></testsuites>