<?xml version="1.0" encoding="utf-8"?><testsuites name="pytest tests"><testsuite name="pytest" errors="0" failures="0" skipped="0" tests="5" time="2.431" timestamp="2026-07-07T15:06:10.814242+00:00" hostname="agent-env-8dc3dc25-271f-45dc-9a86-014d77fe123d"><testcase classname="tests.test_deploy_smoke" name="test_health" time="0.205" /><testcase classname="tests.test_deploy_smoke" name="test_superadmin_login_returns_token" time="0.377" /><testcase classname="tests.test_deploy_smoke" name="test_courses_list_has_28" time="0.111" /><testcase classname="tests.test_deploy_smoke" name="test_agentic_ai_banking_course_has_rich_modules" time="0.141" /><testcase classname="tests.test_deploy_smoke" name="test_sample_certificate_pdf" time="1.257" /></testsuite></testsuites>