<?xml version="1.0" encoding="utf-8"?><testsuites name="pytest tests"><testsuite name="pytest" errors="0" failures="0" skipped="0" tests="8" time="30.274" timestamp="2026-07-15T05:27:35.029545+00:00" hostname="agent-env-8dc3dc25-271f-45dc-9a86-014d77fe123d"><testcase classname="tests.test_iteration47_tutor_personas.TestTutorStream" name="test_stream_produces_meta_footer" time="9.520" /><testcase classname="tests.test_iteration47_tutor_personas.TestTutorProfile" name="test_no_slug_returns_aletheia" time="0.685" /><testcase classname="tests.test_iteration47_tutor_personas.TestTutorProfile" name="test_governance_returns_themis" time="0.150" /><testcase classname="tests.test_iteration47_tutor_personas.TestTutorProfile" name="test_prompt_returns_calliope" time="0.144" /><testcase classname="tests.test_iteration47_tutor_personas.TestTutorProfile" name="test_cao_returns_athena" time="0.099" /><testcase classname="tests.test_iteration47_tutor_personas.TestTutorProfile" name="test_requires_auth" time="0.099" /><testcase classname="tests.test_iteration47_tutor_personas.TestTutorStream" name="test_stored_session_strips_meta" time="6.604" /><testcase classname="tests.test_iteration47_tutor_personas.TestQuizMode" name="test_quiz_start_and_answer" time="13.742" /></testsuite></testsuites>