<?xml version="1.0" encoding="utf-8"?><testsuites name="pytest tests"><testsuite name="pytest" errors="0" failures="0" skipped="0" tests="9" time="2.182" timestamp="2026-07-21T21:27:51.365088+00:00" hostname="agent-env-6e8bf550-dac5-447e-8891-7c8a53905280"><testcase classname="tests.test_iteration70_course_resources.TestDownloadAccessGate" name="test_anonymous_returns_401" time="0.138" /><testcase classname="tests.test_iteration70_course_resources.TestDownloadAccessGate" name="test_registered_but_not_enrolled_returns_403" time="0.688" /><testcase classname="tests.test_iteration70_course_resources.TestDownloadValidation" name="test_path_traversal_rejected" time="0.880" /><testcase classname="tests.test_iteration70_course_resources.TestDownloadAccessGate" name="test_enrolled_user_downloads_pptx" time="0.617" /><testcase classname="tests.test_iteration70_course_resources.TestDownloadValidation" name="test_unknown_filename_returns_404" time="0.271" /><testcase classname="tests.test_iteration70_course_resources.TestDownloadValidation" name="test_unknown_course_returns_404" time="0.186" /><testcase classname="tests.test_iteration70_course_resources.TestRegressionSpotChecks" name="test_courses_list_still_returns_expected_set" time="0.124" /><testcase classname="tests.test_iteration70_course_resources.TestCourseResourceContract" name="test_course_detail_includes_single_resource" time="0.222" /><testcase classname="tests.test_iteration70_course_resources.TestCourseResourceContract" name="test_other_courses_have_empty_resources" time="0.154" /></testsuite></testsuites>