<?xml version="1.0" encoding="utf-8"?><testsuites name="pytest tests"><testsuite name="pytest" errors="0" failures="0" skipped="0" tests="7" time="3.648" timestamp="2026-07-22T13:06:03.068203+00:00" hostname="agent-env-f87b092f-3da5-4a48-9ae2-530636b5b63d"><testcase classname="tests.test_iteration75_user360_and_analytics.TestCatalogFilters" name="test_industries_drops_empties" time="0.140" /><testcase classname="tests.test_iteration75_user360_and_analytics.TestCatalogFilters" name="test_difficulties_only_expected" time="0.241" /><testcase classname="tests.test_iteration75_user360_and_analytics.TestUser360" name="test_user360_shape" time="0.747" /><testcase classname="tests.test_iteration75_user360_and_analytics.TestEnrollmentAccuracy" name="test_no_course_has_inflated_count" time="0.705" /><testcase classname="tests.test_iteration75_user360_and_analytics.TestUser360" name="test_user360_requires_super_admin" time="0.382" /><testcase classname="tests.test_iteration75_user360_and_analytics.TestUser360" name="test_user360_unknown_user_returns_404" time="0.058" /><testcase classname="tests.test_iteration75_user360_and_analytics.TestEnrollmentAccuracy" name="test_enroll_is_idempotent" time="2.214" /></testsuite></testsuites>