<?xml version="1.0" encoding="utf-8"?><testsuites name="pytest tests"><testsuite name="pytest" errors="0" failures="0" skipped="0" tests="10" time="9.357" timestamp="2026-07-06T02:56:14.363228+00:00" hostname="agent-env-2ce18ae8-4fee-4027-af16-ed552e0ab7c4"><testcase classname="tests.test_iteration25_emails.TestPostPurgeAnalytics" name="test_analytics_reflects_purge" time="1.285" /><testcase classname="tests.test_iteration25_emails.TestAdminEmailEndpoints" name="test_complaint_response_success" time="4.587" /><testcase classname="tests.test_iteration25_emails.TestSampleCertVerifySuppression" name="test_sample_cert_verify_no_email_fires" time="3.138" /><testcase classname="tests.test_iteration25_emails.TestPaymentConfirmationCodePath" name="test_checkout_router_dispatches_payment_email" time="0.000" /><testcase classname="tests.test_iteration25_emails.TestVerifyAlertThrottle" name="test_assessment_router_has_6h_throttle_and_sample_suppression" time="0.000" /><testcase classname="tests.test_iteration25_emails.TestAdminEmailEndpoints" name="test_complaint_response_missing_fields" time="0.104" /><testcase classname="tests.test_iteration25_emails.TestAdminEmailEndpoints" name="test_complaint_response_rejects_learner" time="0.462" /><testcase classname="tests.test_iteration25_emails.TestAdminEmailEndpoints" name="test_validity_expiration_success" time="3.265" /><testcase classname="tests.test_iteration25_emails.TestAdminEmailEndpoints" name="test_validity_expiration_missing_fields" time="0.115" /><testcase classname="tests.test_iteration25_emails.TestAdminEmailEndpoints" name="test_validity_expiration_rejects_learner" time="0.106" /></testsuite></testsuites>