<?xml version="1.0" encoding="utf-8"?><testsuites name="pytest tests"><testsuite name="pytest" errors="0" failures="0" skipped="0" tests="9" time="66.735" timestamp="2026-07-21T20:53:30.632782+00:00" hostname="agent-env-6e8bf550-dac5-447e-8891-7c8a53905280"><testcase classname="tests.test_iteration68_review_fixes.TestAlertAutomationDedupe" name="test_unique_index_exists" time="0.521" /><testcase classname="tests.test_iteration68_review_fixes.TestAlertAutomationDedupe" name="test_dedupe_under_concurrency_then_resume_after_resolve" time="3.821" /><testcase classname="tests.test_iteration68_review_fixes.TestInspireRateLimit" name="test_21st_call_returns_429" time="55.100" /><testcase classname="tests.test_iteration68_review_fixes.TestChangePasswordRateLimit" name="test_9th_wrong_password_returns_429" time="3.245" /><testcase classname="tests.test_iteration68_review_fixes.TestMeSummaryRecentEventsField" name="test_recent_events_carries_kind_not_event_type" time="0.481" /><testcase classname="tests.test_iteration68_review_fixes.TestRegression" name="test_signup_triggers_user_signup_automation" time="2.357" /><testcase classname="tests.test_iteration68_review_fixes.TestRegression" name="test_automations_list_endpoint" time="0.156" /><testcase classname="tests.test_iteration68_review_fixes.TestRegression" name="test_daily_goal_patch_still_works" time="0.768" /><testcase classname="tests.test_iteration68_review_fixes.TestRegression" name="test_alerts_center_still_returns_shape" time="0.123" /></testsuite></testsuites>