<?xml version="1.0" encoding="utf-8"?><testsuites name="pytest tests"><testsuite name="pytest" errors="0" failures="0" skipped="0" tests="12" time="21.867" timestamp="2026-07-22T07:42:45.706451+00:00" hostname="agent-env-f87b092f-3da5-4a48-9ae2-530636b5b63d"><testcase classname="tests.test_iteration74_launch_readiness.TestCatalogSearchFilters" name="test_search_prompt" time="0.471" /><testcase classname="tests.test_iteration74_launch_readiness.TestLegalDocs" name="test_privacy_exists" time="0.002" /><testcase classname="tests.test_iteration74_launch_readiness.TestLegalDocs" name="test_no_unfilled_template_tokens" time="0.001" /><testcase classname="tests.test_iteration74_launch_readiness.TestLegalDocs" name="test_correct_entity_and_domain" time="0.000" /><testcase classname="tests.test_iteration74_launch_readiness.TestLegalDocs" name="test_draft_line_preserved" time="0.000" /><testcase classname="tests.test_iteration74_launch_readiness.TestBrandingRegression" name="test_no_stale_brand_in_legal_docs" time="0.000" /><testcase classname="tests.test_iteration74_launch_readiness.TestBrandingRegression" name="test_enterprise_email_is_ithr_online" time="0.000" /><testcase classname="tests.test_iteration74_launch_readiness.TestIntelligenceBriefingNoHang" name="test_briefing_completes_within_30s" time="18.258" /><testcase classname="tests.test_iteration74_launch_readiness.TestCatalogSearchFilters" name="test_search_rag" time="0.135" /><testcase classname="tests.test_iteration74_launch_readiness.TestStaticSeoFiles" name="test_robots_txt" time="0.130" /><testcase classname="tests.test_iteration74_launch_readiness.TestStaticSeoFiles" name="test_sitemap_xml" time="0.093" /><testcase classname="tests.test_iteration74_launch_readiness.TestMentorGroundedInCatalog" name="test_mentor_titles_match_catalog" time="3.189" /></testsuite></testsuites>