<?xml version="1.0" encoding="utf-8"?><testsuites name="pytest tests"><testsuite name="pytest" errors="0" failures="0" skipped="0" tests="13" time="2.301" timestamp="2026-07-15T12:14:37.526244+00:00" hostname="agent-env-8dc3dc25-271f-45dc-9a86-014d77fe123d"><testcase classname="tests.test_iteration49_command_center.TestCommandCenter" name="test_command_center_default" time="0.644" /><testcase classname="tests.test_iteration49_command_center.TestCommandCenter" name="test_command_center_7days" time="0.111" /><testcase classname="tests.test_iteration49_command_center.TestAlertsCenter" name="test_alerts_center_returns_alerts" time="0.853" /><testcase classname="tests.test_iteration49_command_center.TestCommandCenter" name="test_command_center_90days" time="0.121" /><testcase classname="tests.test_iteration49_command_center.TestAlertsCenter" name="test_alerts_sorted_by_severity" time="0.142" /><testcase classname="tests.test_iteration49_command_center.TestCommandCenter" name="test_command_center_has_expected_kpi_keys" time="0.116" /><testcase classname="tests.test_iteration49_command_center.TestCommandCenter" name="test_command_center_delta_pct_present_on_period_kpis" time="0.118" /><testcase classname="tests.test_iteration49_command_center.TestAlertsCenter" name="test_alert_ack_persists" time="0.441" /><testcase classname="tests.test_iteration49_command_center.TestOrg360" name="test_org360_valid" time="0.215" /><testcase classname="tests.test_iteration49_command_center.TestCommandCenter" name="test_command_center_forbidden_for_learner" time="0.511" /><testcase classname="tests.test_iteration49_command_center.TestUser360" name="test_user360_valid" time="0.203" /><testcase classname="tests.test_iteration49_command_center.TestOrg360" name="test_org360_not_found" time="0.101" /><testcase classname="tests.test_iteration49_command_center.TestUser360" name="test_user360_not_found" time="0.097" /></testsuite></testsuites>