<?xml version="1.0" encoding="utf-8"?><testsuites name="pytest tests"><testsuite name="pytest" errors="0" failures="0" skipped="0" tests="12" time="10.823" timestamp="2026-07-06T03:32:22.733820+00:00" hostname="agent-env-2ce18ae8-4fee-4027-af16-ed552e0ab7c4"><testcase classname="tests.test_iteration28_activity_feed" name="test_activity_events_created_at_index" time="0.014" /><testcase classname="tests.test_iteration28_activity_feed" name="test_recent_activity_requires_auth" time="0.289" /><testcase classname="tests.test_iteration28_activity_feed" name="test_recent_activity_forbidden_for_learner" time="0.458" /><testcase classname="tests.test_iteration28_activity_feed" name="test_recent_activity_super_admin_ok" time="0.432" /><testcase classname="tests.test_iteration28_activity_feed" name="test_recent_activity_default_limit_and_sort" time="0.047" /><testcase classname="tests.test_iteration28_activity_feed" name="test_recent_activity_limit_clamp_high" time="0.045" /><testcase classname="tests.test_iteration28_activity_feed" name="test_recent_activity_limit_clamp_low" time="0.044" /><testcase classname="tests.test_iteration28_activity_feed" name="test_register_creates_signup_event" time="1.552" /><testcase classname="tests.test_iteration28_activity_feed" name="test_enrollment_creates_activity_event" time="3.318" /><testcase classname="tests.test_iteration28_activity_feed" name="test_create_org_writes_org_created_event" time="1.869" /><testcase classname="tests.test_iteration28_activity_feed" name="test_recent_activity_since_delta" time="0.093" /><testcase classname="tests.test_iteration28_activity_feed" name="test_since_returns_only_newer_events" time="1.970" /></testsuite></testsuites>