<?xml version="1.0" encoding="utf-8"?><testsuites name="pytest tests"><testsuite name="pytest" errors="0" failures="0" skipped="4" tests="29" time="8.031" timestamp="2026-07-05T18:52:52.299499+00:00" hostname="agent-env-2ce18ae8-4fee-4027-af16-ed552e0ab7c4"><testcase classname="tests.test_iteration15.TestSuperAdminOrgs" name="test_create_org_with_admin_and_domain_derivation" time="0.956" /><testcase classname="tests.test_iteration16_analytics.TestPlatformAnalytics" name="test_shape_and_defaults_30d" time="0.975" /><testcase classname="tests.test_iteration15.TestSuperAdminOrgs" name="test_list_orgs_contains_new_org" time="0.123" /><testcase classname="tests.test_iteration16_analytics.TestPlatformAnalytics" name="test_days_7_returns_len_7" time="0.118" /><testcase classname="tests.test_iteration15.TestSuperAdminOrgs" name="test_admin_endpoints_require_super_admin" time="0.578" /><testcase classname="tests.test_iteration16_analytics.TestPlatformAnalytics" name="test_days_90_returns_len_90" time="0.331" /><testcase classname="tests.test_iteration16_analytics.TestPlatformAnalytics" name="test_days_clamp_below_7" time="0.173" /><testcase classname="tests.test_iteration16_analytics.TestPlatformAnalytics" name="test_days_clamp_above_90" time="0.120" /><testcase classname="tests.test_iteration15.TestSuperAdminOrgs" name="test_admin_endpoints_require_auth" time="0.202" /><testcase classname="tests.test_iteration16_analytics.TestPlatformAnalytics" name="test_no_token_returns_401_or_403" time="0.118" /><testcase classname="tests.test_iteration15.TestSuperAdminOrgs" name="test_list_users_paginated" time="0.319" /><testcase classname="tests.test_iteration16_analytics.TestPlatformAnalytics" name="test_learner_token_returns_403_super_admin_only" time="0.441" /><testcase classname="tests.test_iteration15.TestSuperAdminOrgs" name="test_reset_user_password" time="2.026" /><testcase classname="tests.test_iteration15.TestFoundingMember" name="test_register_returns_founding_fields" time="0.488" /><testcase classname="tests.test_iteration15.TestFoundingMember" name="test_founding_idempotent_across_refresh_and_me" time="0.889" /><testcase classname="tests.test_iteration15.TestFoundingMember" name="test_founding_first_course_lock" time="1.110" /><testcase classname="tests.test_iteration15.TestSuperAdminOrgs" name="test_reset_password_unknown_user" time="0.109" /><testcase classname="tests.test_iteration15.TestFoundingMember" name="test_founding_cap_logic_via_code_inspection" time="0.452" /><testcase classname="tests.test_iteration15.TestEnterpriseAdminCreateUser" name="test_admin_creates_user_with_matching_domain" time="0.000"><skipped type="pytest.skip" message="Need org from prior test">/app/backend/tests/test_iteration15.py:272: Need org from prior test</skipped></testcase><testcase classname="tests.test_iteration15.TestEnterpriseAdminCreateUser" name="test_admin_create_user_mismatched_domain_rejected" time="0.000"><skipped type="pytest.skip" message="Need org from prior test">/app/backend/tests/test_iteration15.py:298: Need org from prior test</skipped></testcase><testcase classname="tests.test_iteration15.TestEnterpriseAdminCreateUser" name="test_admin_create_user_requires_valid_fields" time="0.000"><skipped type="pytest.skip" message="No org admin from prior test">/app/backend/tests/test_iteration15.py:262: No org admin from prior test</skipped></testcase><testcase classname="tests.test_iteration15.TestSuperAdminDeleteOrg" name="test_delete_org_cascades_and_clears_user_org" time="0.345"><skipped type="pytest.skip" message="Need org + admin from prior tests">/app/backend/tests/test_iteration15.py:328: Need org + admin from prior tests</skipped></testcase><testcase classname="tests.test_iteration15.TestSuperAdminDeleteOrg" name="test_delete_unknown_org_returns_404" time="0.253" /><testcase classname="tests.test_iteration16_analytics.TestOrgAnalytics" name="test_shape_as_org_admin" time="1.653" /><testcase classname="tests.test_iteration15.TestSampleCertificate" name="test_verify_sample_cert" time="0.113" /><testcase classname="tests.test_iteration15.TestSampleCertificate" name="test_sample_cert_pdf" time="0.495" /><testcase classname="tests.test_iteration16_analytics.TestOrgAnalytics" name="test_learner_in_no_org_returns_404" time="0.603" /><testcase classname="tests.test_iteration16_analytics.TestOrgAnalytics" name="test_non_admin_org_member_returns_403" time="0.744" /><testcase classname="tests.test_iteration16_analytics.TestOrgAnalytics" name="test_no_token_returns_401_or_403" time="0.105" /></testsuite></testsuites>