<?xml version="1.0" encoding="utf-8"?><testsuites name="pytest tests"><testsuite name="pytest" errors="0" failures="0" skipped="0" tests="21" time="3.606" timestamp="2026-07-19T03:46:10.128581+00:00" hostname="agent-env-6e8bf550-dac5-447e-8891-7c8a53905280"><testcase classname="tests.test_iteration52_drip_leaderboard.TestMaskNameHelper" name="test_two_words" time="0.000" /><testcase classname="tests.test_iteration52_drip_leaderboard.TestMaskNameHelper" name="test_multi_word_uses_last" time="0.000" /><testcase classname="tests.test_iteration52_drip_leaderboard.TestMaskNameHelper" name="test_one_word" time="0.000" /><testcase classname="tests.test_iteration52_drip_leaderboard.TestMaskNameHelper" name="test_empty" time="0.000" /><testcase classname="tests.test_iteration52_drip_leaderboard.TestMaskNameHelper" name="test_whitespace_only" time="0.000" /><testcase classname="tests.test_iteration52_drip_leaderboard.TestPublicLeaderboard" name="test_public_no_auth" time="0.136" /><testcase classname="tests.test_iteration52_drip_leaderboard.TestAdminLeaderboard" name="test_unauthenticated_rejected" time="0.139" /><testcase classname="tests.test_iteration52_drip_leaderboard.TestPublicLeaderboard" name="test_public_sort_order" time="0.042" /><testcase classname="tests.test_iteration52_drip_leaderboard.TestAdminLeaderboard" name="test_learner_rejected" time="0.370" /><testcase classname="tests.test_iteration52_drip_leaderboard.TestPublicLeaderboard" name="test_limit_bounds" time="0.366" /><testcase classname="tests.test_iteration52_drip_leaderboard.TestPublicLeaderboard" name="test_viewer_zero_signups" time="0.524" /><testcase classname="tests.test_iteration52_drip_leaderboard.TestAdminLeaderboard" name="test_super_admin_unmasked" time="0.508" /><testcase classname="tests.test_iteration52_drip_leaderboard.TestAdminLeaderboard" name="test_admin_limit_clamped" time="0.050" /><testcase classname="tests.test_iteration52_drip_leaderboard.TestOnboardingDripAuth" name="test_unauthenticated_rejected" time="0.263" /><testcase classname="tests.test_iteration52_drip_leaderboard.TestOnboardingDripAuth" name="test_regular_learner_rejected" time="0.324" /><testcase classname="tests.test_iteration52_drip_leaderboard.TestOnboardingDripDryRun" name="test_dry_run_shape" time="0.548" /><testcase classname="tests.test_iteration52_drip_leaderboard.TestOnboardingDripDryRun" name="test_super_admin_excluded_from_candidates" time="0.046" /><testcase classname="tests.test_iteration52_drip_leaderboard.TestOnboardingDripIdempotency" name="test_first_course_nudge_idempotent" time="0.586" /><testcase classname="tests.test_iteration52_drip_leaderboard.TestOnboardingDripDryRun" name="test_drip_send_log_unique_index" time="0.270" /><testcase classname="tests.test_iteration52_drip_leaderboard.TestZZCleanup" name="test_cleanup_sweep" time="0.046" /><testcase classname="tests.test_iteration52_drip_leaderboard.TestOnboardingDripIdempotency" name="test_drip_helpers_never_raise" time="0.344" /></testsuite></testsuites>