<?xml version="1.0" encoding="utf-8"?><testsuites name="pytest tests"><testsuite name="pytest" errors="0" failures="0" skipped="7" tests="18" time="4.984" timestamp="2026-07-05T14:39:40.471810+00:00" hostname="agent-env-2ce18ae8-4fee-4027-af16-ed552e0ab7c4"><testcase classname="tests.test_iteration15.TestFoundingMember" name="test_register_returns_founding_fields" time="0.924"><skipped type="pytest.skip" message="Founder cap already reached in this DB — skipping content asserts.">/app/backend/tests/test_iteration15.py:72: Founder cap already reached in this DB — skipping content asserts.</skipped></testcase><testcase classname="tests.test_iteration15.TestSuperAdminOrgs" name="test_create_org_with_admin_and_domain_derivation" time="1.062" /><testcase classname="tests.test_iteration15.TestFoundingMember" name="test_founding_idempotent_across_refresh_and_me" time="0.420"><skipped type="pytest.skip" message="Founder cap reached; idempotency test needs a founder user.">/app/backend/tests/test_iteration15.py:88: Founder cap reached; idempotency test needs a founder user.</skipped></testcase><testcase classname="tests.test_iteration15.TestSuperAdminOrgs" name="test_list_orgs_contains_new_org" time="0.257" /><testcase classname="tests.test_iteration15.TestSuperAdminOrgs" name="test_admin_endpoints_require_super_admin" time="0.784" /><testcase classname="tests.test_iteration15.TestFoundingMember" name="test_founding_first_course_lock" time="0.602"><skipped type="pytest.skip" message="Founder cap reached — first-course lock test needs a founder user.">/app/backend/tests/test_iteration15.py:109: Founder cap reached — first-course lock test needs a founder user.</skipped></testcase><testcase classname="tests.test_iteration15.TestFoundingMember" name="test_founding_cap_logic_via_code_inspection" time="0.316" /><testcase classname="tests.test_iteration15.TestSuperAdminOrgs" name="test_admin_endpoints_require_auth" time="0.208" /><testcase classname="tests.test_iteration15.TestEnterpriseAdminCreateUser" name="test_admin_creates_user_with_matching_domain" time="0.000"><skipped type="pytest.skip" message="Need org from prior test">/app/backend/tests/test_iteration15.py:270: Need org from prior test</skipped></testcase><testcase classname="tests.test_iteration15.TestEnterpriseAdminCreateUser" name="test_admin_create_user_mismatched_domain_rejected" time="0.000"><skipped type="pytest.skip" message="Need org from prior test">/app/backend/tests/test_iteration15.py:296: Need org from prior test</skipped></testcase><testcase classname="tests.test_iteration15.TestEnterpriseAdminCreateUser" name="test_admin_create_user_requires_valid_fields" time="0.000"><skipped type="pytest.skip" message="No org admin from prior test">/app/backend/tests/test_iteration15.py:260: No org admin from prior test</skipped></testcase><testcase classname="tests.test_iteration15.TestSuperAdminOrgs" name="test_list_users_paginated" time="0.298" /><testcase classname="tests.test_iteration15.TestSuperAdminDeleteOrg" name="test_delete_org_cascades_and_clears_user_org" time="0.343"><skipped type="pytest.skip" message="Need org + admin from prior tests">/app/backend/tests/test_iteration15.py:326: Need org + admin from prior tests</skipped></testcase><testcase classname="tests.test_iteration15.TestSuperAdminDeleteOrg" name="test_delete_unknown_org_returns_404" time="0.102" /><testcase classname="tests.test_iteration15.TestSuperAdminOrgs" name="test_reset_user_password" time="1.627" /><testcase classname="tests.test_iteration15.TestSampleCertificate" name="test_verify_sample_cert" time="0.282" /><testcase classname="tests.test_iteration15.TestSampleCertificate" name="test_sample_cert_pdf" time="0.339" /><testcase classname="tests.test_iteration15.TestSuperAdminOrgs" name="test_reset_password_unknown_user" time="0.103" /></testsuite></testsuites>