<?xml version="1.0" encoding="utf-8"?><testsuites name="pytest tests"><testsuite name="pytest" errors="0" failures="0" skipped="0" tests="10" time="3.176" timestamp="2026-07-06T01:19:43.355482+00:00" hostname="agent-env-2ce18ae8-4fee-4027-af16-ed552e0ab7c4"><testcase classname="tests.test_iteration21_password_reset.TestForgotPassword" name="test_forgot_existing_user_returns_200_and_inserts_token" time="0.995" /><testcase classname="tests.test_iteration21_password_reset.TestResetPassword" name="test_reset_happy_path" time="1.621" /><testcase classname="tests.test_iteration21_password_reset.TestForgotPassword" name="test_forgot_unknown_email_returns_200_no_row" time="0.053" /><testcase classname="tests.test_iteration21_password_reset.TestForgotPassword" name="test_forgot_malformed_email_returns_422" time="0.226" /><testcase classname="tests.test_iteration21_password_reset.TestForgotPassword" name="test_forgot_rate_limit_silent_throttle" time="1.172" /><testcase classname="tests.test_iteration21_password_reset.TestResetPassword" name="test_reset_with_expired_token" time="0.061" /><testcase classname="tests.test_iteration21_password_reset.TestResetPassword" name="test_reset_with_consumed_token_reuse" time="0.338" /><testcase classname="tests.test_iteration21_password_reset.TestResetPassword" name="test_reset_with_invalid_token" time="0.054" /><testcase classname="tests.test_iteration21_password_reset.TestResetPassword" name="test_reset_with_short_password_returns_422" time="0.054" /><testcase classname="tests.test_iteration21_password_reset.TestPasswordResetIndexes" name="test_indexes_exist" time="0.002" /></testsuite></testsuites>