<?xml version="1.0" encoding="utf-8"?><testsuites name="pytest tests"><testsuite name="pytest" errors="0" failures="0" skipped="0" tests="8" time="15.406" timestamp="2026-07-15T00:38:24.128254+00:00" hostname="agent-env-8dc3dc25-271f-45dc-9a86-014d77fe123d"><testcase classname="tests.test_iteration45_data_hygiene.TestDataHygieneSecurity" name="test_get_hygiene_requires_auth" time="0.236" /><testcase classname="tests.test_iteration45_data_hygiene.TestDataHygieneSecurity" name="test_post_purge_requires_auth" time="0.225" /><testcase classname="tests.test_iteration45_data_hygiene.TestDataHygieneE2E" name="test_hygiene_scan_shape" time="0.809" /><testcase classname="tests.test_iteration45_data_hygiene.TestDataHygieneSecurity" name="test_get_hygiene_forbidden_for_learner" time="0.477" /><testcase classname="tests.test_iteration45_data_hygiene.TestDataHygieneE2E" name="test_full_purge_flow" time="13.760" /><testcase classname="tests.test_iteration45_data_hygiene.TestDataHygieneSecurity" name="test_post_purge_forbidden_for_learner" time="0.116" /><testcase classname="tests.test_iteration45_data_hygiene.TestDataHygieneE2E" name="test_protected_accounts_survive" time="0.104" /><testcase classname="tests.test_iteration45_data_hygiene.TestDataHygieneE2E" name="test_dashboard_cache_ttl_low" time="0.353" /></testsuite></testsuites>