<?xml version="1.0" encoding="utf-8"?><testsuites name="pytest tests"><testsuite name="pytest" errors="0" failures="0" skipped="0" tests="19" time="76.159" timestamp="2026-07-07T02:53:32.346617+00:00" hostname="agent-env-2ce18ae8-4fee-4027-af16-ed552e0ab7c4"><testcase classname="tests.test_iteration38_admin_control.TestSuspendReactivate" name="test_suspend_and_idempotency" time="1.609" /><testcase classname="tests.test_iteration38_admin_control.TestImpersonation" name="test_impersonate_non_super_admin" time="1.450" /><testcase classname="tests.test_iteration38_admin_control.TestImpersonation" name="test_impersonate_super_admin_403" time="0.109" /><testcase classname="tests.test_iteration38_admin_control.TestImpersonation" name="test_impersonate_another_super_admin_403" time="1.500" /><testcase classname="tests.test_iteration38_admin_control.TestSuspendReactivate" name="test_suspended_user_cannot_login" time="0.982" /><testcase classname="tests.test_iteration38_admin_control.TestSuspendReactivate" name="test_reactivate" time="1.041" /><testcase classname="tests.test_iteration38_admin_control.TestImpersonation" name="test_impersonate_suspended_user_400" time="0.861" /><testcase classname="tests.test_iteration38_admin_control.TestSuspendReactivate" name="test_suspend_self_400" time="0.210" /><testcase classname="tests.test_iteration38_admin_control.TestAuditLog" name="test_audit_log_lists_recent_actions" time="1.355" /><testcase classname="tests.test_iteration38_admin_control.TestRoleChange" name="test_role_change_success" time="0.747" /><testcase classname="tests.test_iteration38_admin_control.TestRoleChange" name="test_role_invalid_400" time="0.454" /><testcase classname="tests.test_iteration38_admin_control.TestRoleChange" name="test_role_change_self_400" time="0.102" /><testcase classname="tests.test_iteration38_admin_control.TestAuditLog" name="test_audit_log_action_filter" time="0.103" /><testcase classname="tests.test_iteration38_admin_control.TestAuditLog" name="test_audit_log_csv_export" time="0.254" /><testcase classname="tests.test_iteration38_admin_control.TestDeleteUser" name="test_delete_learner_and_cascade_counts" time="1.814" /><testcase classname="tests.test_iteration38_admin_control.TestGuardsAndFilters" name="test_learner_jwt_cannot_hit_admin_endpoints" time="68.914" /><testcase classname="tests.test_iteration38_admin_control.TestDeleteUser" name="test_delete_self_400" time="37.292" /><testcase classname="tests.test_iteration38_admin_control" name="test_zzz_cleanup_stray_test_learners" time="6.493" /><testcase classname="tests.test_iteration38_admin_control.TestGuardsAndFilters" name="test_users_filters" time="0.934" /></testsuite></testsuites>