<?xml version="1.0" encoding="utf-8"?><testsuites name="pytest tests"><testsuite name="pytest" errors="0" failures="0" skipped="0" tests="8" time="5.371" timestamp="2026-07-20T23:37:43.301651+00:00" hostname="agent-env-6e8bf550-dac5-447e-8891-7c8a53905280"><testcase classname="tests.test_iteration61_popular_questions.TestAuthGuard" name="test_no_token_rejected" time="0.431" /><testcase classname="tests.test_iteration61_popular_questions.TestPopularQuestionsShape" name="test_happy_path_returns_shape" time="0.484" /><testcase classname="tests.test_iteration61_popular_questions.TestAuthGuard" name="test_bad_token_rejected" time="0.048" /><testcase classname="tests.test_iteration61_popular_questions.TestPopularQuestionsShape" name="test_days_upper_clamped_to_90" time="0.273" /><testcase classname="tests.test_iteration61_popular_questions.TestIntegrationCount" name="test_new_visitor_message_appears_in_bucket" time="4.500" /><testcase classname="tests.test_iteration61_popular_questions.TestPopularQuestionsShape" name="test_days_lower_clamped_to_1" time="0.046" /><testcase classname="tests.test_iteration61_popular_questions.TestPopularQuestionsShape" name="test_top_n_upper_clamped_to_50" time="0.179" /><testcase classname="tests.test_iteration61_popular_questions.TestPopularQuestionsShape" name="test_top_n_default_when_missing" time="0.049" /></testsuite></testsuites>