<?xml version="1.0" encoding="utf-8"?><testsuites name="pytest tests"><testsuite name="pytest" errors="0" failures="0" skipped="0" tests="23" time="14.306" timestamp="2026-07-05T03:09:23.388281+00:00" hostname="agent-env-2ce18ae8-4fee-4027-af16-ed552e0ab7c4"><testcase classname="tests.test_iteration14.TestTokenClaims" name="test_access_token_has_type_access_and_15min_expiry" time="0.443" /><testcase classname="tests.test_iteration14.TestRefreshEndpoint" name="test_refresh_without_cookie_returns_401" time="0.190" /><testcase classname="tests.test_iteration14.TestRefreshEndpoint" name="test_refresh_with_bogus_cookie_returns_401_and_clears" time="0.251" /><testcase classname="tests.test_iteration14.TestRefreshEndpoint" name="test_refresh_with_valid_cookie_rotates_and_returns_new_token" time="1.476" /><testcase classname="tests.test_iteration14.TestTokenClaims" name="test_refresh_token_has_type_refresh_and_7day_expiry" time="0.552" /><testcase classname="tests.test_iteration14.TestTokenClaims" name="test_legacy_create_token_alias_still_accepted_by_me" time="0.399" /><testcase classname="tests.test_iteration14.TestQuizSubmitRefactor" name="test_pass_creates_cert_and_no_duplicate_on_resubmit" time="0.630" /><testcase classname="tests.test_iteration14.TestQuizSubmitRefactor" name="test_fail_returns_no_certificate" time="0.682" /><testcase classname="tests.test_iteration14.TestAssessmentSessionRefactor" name="test_adaptive_onboarding_mode" time="0.605" /><testcase classname="tests.test_iteration14.TestAssessmentSessionRefactor" name="test_count_parameter_honored" time="0.099" /><testcase classname="tests.test_iteration14.TestAssessmentSessionRefactor" name="test_seed_reproduces_paper" time="0.190" /><testcase classname="tests.test_iteration14.TestQuizSubmitRefactor" name="test_perm_shuffled_indices_decode_correctly" time="0.676" /><testcase classname="tests.test_iteration14.TestGoogleCallback" name="test_missing_session_id_400" time="0.253" /><testcase classname="tests.test_iteration14.TestGoogleCallback" name="test_invalid_session_id_401_not_500" time="0.231" /><testcase classname="tests.test_iteration14.TestPassportRefactor" name="test_passport_me_shape" time="0.567" /><testcase classname="tests.test_iteration14.TestAuthCookieFlags" name="test_register_sets_refresh_cookie_with_correct_flags" time="0.484" /><testcase classname="tests.test_iteration14.TestPassportRefactor" name="test_passport_public_by_slug" time="0.866" /><testcase classname="tests.test_iteration14.TestAuthCookieFlags" name="test_login_sets_refresh_cookie" time="0.864" /><testcase classname="tests.test_iteration14.TestLogout" name="test_logout_clears_cookie" time="0.594" /><testcase classname="tests.test_iteration14.TestCertPdfBrandTag" name="test_cert_pdf_returns_pdf" time="1.169" /><testcase classname="tests.test_iteration14.TestEnterpriseDashboardRefactor" name="test_dashboard_shape_unchanged" time="0.624" /><testcase classname="tests.test_iteration14.TestCertPdfBrandTag" name="test_cert_pdf_template_uses_independent_issuer_tag" time="0.416" /><testcase classname="tests.test_iteration14.TestMentorRefactor" name="test_mentor_chat_streams_and_persists_session" time="7.623" /></testsuite></testsuites>