<?xml version="1.0" encoding="utf-8"?><testsuites name="pytest tests"><testsuite name="pytest" errors="0" failures="0" skipped="0" tests="18" time="20.236" timestamp="2026-07-20T04:19:51.206287+00:00" hostname="agent-env-6e8bf550-dac5-447e-8891-7c8a53905280"><testcase classname="tests.test_iteration57_email_campaigns.TestCampaignAuth" name="test_preview_unauthenticated_rejected" time="0.369" /><testcase classname="tests.test_iteration57_email_campaigns.TestPreviewShape" name="test_all_learners_shape" time="0.448" /><testcase classname="tests.test_iteration57_email_campaigns.TestCampaignAuth" name="test_history_unauthenticated_rejected" time="0.047" /><testcase classname="tests.test_iteration57_email_campaigns.TestCampaignAuth" name="test_send_unauthenticated_rejected" time="0.048" /><testcase classname="tests.test_iteration57_email_campaigns.TestPreviewShape" name="test_super_admin_never_in_sample" time="0.081" /><testcase classname="tests.test_iteration57_email_campaigns.TestCampaignAuth" name="test_regular_learner_rejected" time="0.545" /><testcase classname="tests.test_iteration57_email_campaigns.TestPreviewShape" name="test_by_role_narrows_audience" time="0.565" /><testcase classname="tests.test_iteration57_email_campaigns.TestCampaignAuth" name="test_reengagement_run_unauthenticated_rejected" time="0.049" /><testcase classname="tests.test_iteration57_email_campaigns.TestPreviewShape" name="test_by_course_zero_when_no_enrollments" time="0.239" /><testcase classname="tests.test_iteration57_email_campaigns.TestManualDispatch" name="test_dispatch_and_history_roundtrip" time="18.218" /><testcase classname="tests.test_iteration57_email_campaigns.TestTestSend" name="test_test_send_to_sandbox_recipient" time="0.309" /><testcase classname="tests.test_iteration57_email_campaigns.TestTestSend" name="test_test_send_does_not_log_campaign" time="0.184" /><testcase classname="tests.test_iteration57_email_campaigns.TestReengagement" name="test_dry_run_shape" time="0.043" /><testcase classname="tests.test_iteration57_email_campaigns.TestReengagement" name="test_super_admin_excluded" time="0.085" /><testcase classname="tests.test_iteration57_email_campaigns.TestTriggerIdempotency" name="test_email_trigger_log_unique_index" time="0.083" /><testcase classname="tests.test_iteration57_email_campaigns.TestTriggerIdempotency" name="test_direct_module_completion_trigger_idempotent" time="0.223" /><testcase classname="tests.test_iteration57_email_campaigns.TestManualDispatch" name="test_dispatch_empty_audience_rejected" time="0.053" /><testcase classname="tests.test_iteration57_email_campaigns.TestManualDispatch" name="test_dispatch_short_body_rejected" time="0.053" /></testsuite></testsuites>