<?xml version="1.0" encoding="utf-8"?><testsuites name="pytest tests"><testsuite name="pytest" errors="0" failures="0" skipped="0" tests="4" time="40.933" timestamp="2026-07-07T17:34:21.979375+00:00" hostname="agent-env-8dc3dc25-271f-45dc-9a86-014d77fe123d"><testcase classname="tests.test_iteration43_superadmin_email_resync" name="test_00_baseline_canonical_login_works" time="0.474" /><testcase classname="tests.test_iteration43_superadmin_email_resync" name="test_01_email_resync_on_boot" time="12.997" /><testcase classname="tests.test_iteration43_superadmin_email_resync" name="test_02_clash_guard_prevents_rename" time="13.868" /><testcase classname="tests.test_iteration43_superadmin_email_resync" name="test_03_final_state_clean" time="13.430" /></testsuite></testsuites>