<?xml version="1.0" encoding="utf-8"?><testsuites name="pytest tests"><testsuite name="pytest" errors="0" failures="0" skipped="0" tests="11" time="1.114" timestamp="2026-07-15T01:55:22.424870+00:00" hostname="agent-env-8dc3dc25-271f-45dc-9a86-014d77fe123d"><testcase classname="tests.test_iteration46_content_hydration" name="test_course_has_rich_content[generative-ai-executives]" time="0.132" /><testcase classname="tests.test_iteration46_content_hydration" name="test_course_has_rich_content[llm-architecture-deep-dive]" time="0.087" /><testcase classname="tests.test_iteration46_content_hydration" name="test_course_has_rich_content[ai-security-red-team]" time="0.060" /><testcase classname="tests.test_iteration46_content_hydration" name="test_course_has_rich_content[agentic-ai-hospitality]" time="0.053" /><testcase classname="tests.test_iteration46_content_hydration" name="test_course_has_rich_content[ai-product-management]" time="0.055" /><testcase classname="tests.test_iteration46_content_hydration" name="test_course_has_rich_content[ai-change-management]" time="0.056" /><testcase classname="tests.test_iteration46_content_hydration" name="test_course_has_rich_content[vector-databases]" time="0.054" /><testcase classname="tests.test_iteration46_content_hydration" name="test_paths_list_has_key_paths" time="0.046" /><testcase classname="tests.test_iteration46_content_hydration" name="test_path_courses_all_have_content[executive-cxo-AI-Ready Executive]" time="0.052" /><testcase classname="tests.test_iteration46_content_hydration" name="test_path_courses_all_have_content[engineer-agentic-Agentic Engineer]" time="0.050" /><testcase classname="tests.test_iteration46_content_hydration" name="test_courses_list_all_have_full_content" time="0.055" /></testsuite></testsuites>