<?xml version="1.0" encoding="utf-8"?><testsuites name="pytest tests"><testsuite name="pytest" errors="0" failures="1" skipped="3" tests="56" time="23.213" timestamp="2026-07-06T03:12:45.537848+00:00" hostname="agent-env-2ce18ae8-4fee-4027-af16-ed552e0ab7c4"><testcase classname="tests.test_iteration15.TestSuperAdminOrgs" name="test_create_org_with_admin_and_domain_derivation" time="0.882" /><testcase classname="tests.test_iteration16_analytics.TestPlatformAnalytics" name="test_shape_and_defaults_30d" time="0.940" /><testcase classname="tests.test_iteration15.TestSuperAdminOrgs" name="test_list_orgs_contains_new_org" time="0.123" /><testcase classname="tests.test_iteration16_analytics.TestPlatformAnalytics" name="test_days_7_returns_len_7" time="0.126" /><testcase classname="tests.test_iteration15.TestSuperAdminOrgs" name="test_admin_endpoints_require_super_admin" time="0.561" /><testcase classname="tests.test_iteration16_analytics.TestPlatformAnalytics" name="test_days_90_returns_len_90" time="0.275" /><testcase classname="tests.test_iteration16_analytics.TestPlatformAnalytics" name="test_days_clamp_below_7" time="0.107" /><testcase classname="tests.test_iteration16_analytics.TestPlatformAnalytics" name="test_days_clamp_above_90" time="0.109" /><testcase classname="tests.test_iteration16_analytics.TestPlatformAnalytics" name="test_no_token_returns_401_or_403" time="0.104" /><testcase classname="tests.test_iteration15.TestSuperAdminOrgs" name="test_admin_endpoints_require_auth" time="0.201" /><testcase classname="tests.test_iteration15.TestSuperAdminOrgs" name="test_list_users_paginated" time="0.254" /><testcase classname="tests.test_iteration16_analytics.TestPlatformAnalytics" name="test_learner_token_returns_403_super_admin_only" time="0.465" /><testcase classname="tests.test_iteration15.TestSuperAdminOrgs" name="test_reset_user_password" time="1.590" /><testcase classname="tests.test_iteration25_emails.TestAdminEmailEndpoints" name="test_complaint_response_success" time="4.172" /><testcase classname="tests.test_iteration15.TestSuperAdminOrgs" name="test_reset_password_unknown_user" time="0.101" /><testcase classname="tests.test_iteration21_password_reset.TestResetPassword" name="test_reset_happy_path" time="1.187" /><testcase classname="tests.test_iteration21_password_reset.TestResetPassword" name="test_reset_with_expired_token" time="0.047" /><testcase classname="tests.test_iteration21_password_reset.TestResetPassword" name="test_reset_with_consumed_token_reuse" time="0.318" /><testcase classname="tests.test_iteration21_password_reset.TestResetPassword" name="test_reset_with_invalid_token" time="0.042" /><testcase classname="tests.test_iteration21_password_reset.TestResetPassword" name="test_reset_with_short_password_returns_422" time="0.046" /><testcase classname="tests.test_iteration15.TestFoundingMember" name="test_register_returns_founding_fields" time="0.354" /><testcase classname="tests.test_iteration15.TestFoundingMember" name="test_founding_idempotent_across_refresh_and_me" time="0.525" /><testcase classname="tests.test_iteration15.TestFoundingMember" name="test_founding_first_course_lock" time="0.994" /><testcase classname="tests.test_iteration25_emails.TestAdminEmailEndpoints" name="test_complaint_response_missing_fields" time="0.272" /><testcase classname="tests.test_iteration25_emails.TestAdminEmailEndpoints" name="test_complaint_response_rejects_learner" time="0.442" /><testcase classname="tests.test_iteration25_emails.TestAdminEmailEndpoints" name="test_validity_expiration_success" time="3.326" /><testcase classname="tests.test_iteration15.TestFoundingMember" name="test_founding_cap_logic_via_code_inspection" time="0.174" /><testcase classname="tests.test_iteration16_analytics.TestOrgAnalytics" name="test_shape_as_org_admin" time="1.083" /><testcase classname="tests.test_iteration16_analytics.TestOrgAnalytics" name="test_learner_in_no_org_returns_404" time="0.427" /><testcase classname="tests.test_iteration16_analytics.TestOrgAnalytics" name="test_non_admin_org_member_returns_403" time="0.753" /><testcase classname="tests.test_iteration16_analytics.TestOrgAnalytics" name="test_no_token_returns_401_or_403" time="0.108" /><testcase classname="tests.test_iteration21_password_reset.TestForgotPassword" name="test_forgot_existing_user_returns_200_and_inserts_token" time="0.542" /><testcase classname="tests.test_iteration21_password_reset.TestForgotPassword" name="test_forgot_unknown_email_returns_200_no_row" time="0.047" /><testcase classname="tests.test_iteration25_emails.TestAdminEmailEndpoints" name="test_validity_expiration_missing_fields" time="0.100" /><testcase classname="tests.test_iteration21_password_reset.TestForgotPassword" name="test_forgot_malformed_email_returns_422" time="0.045" /><testcase classname="tests.test_iteration21_password_reset.TestForgotPassword" name="test_forgot_rate_limit_silent_throttle" time="1.111" /><testcase classname="tests.test_iteration25_emails.TestAdminEmailEndpoints" name="test_validity_expiration_rejects_learner" time="0.184" /><testcase classname="tests.test_iteration15.TestEnterpriseAdminCreateUser" name="test_admin_creates_user_with_matching_domain" time="0.000"><skipped type="pytest.skip" message="Need org from prior test">/app/backend/tests/test_iteration15.py:272: Need org from prior test</skipped></testcase><testcase classname="tests.test_iteration15.TestEnterpriseAdminCreateUser" name="test_admin_create_user_mismatched_domain_rejected" time="0.000"><skipped type="pytest.skip" message="Need org from prior test">/app/backend/tests/test_iteration15.py:298: Need org from prior test</skipped></testcase><testcase classname="tests.test_iteration15.TestEnterpriseAdminCreateUser" name="test_admin_create_user_requires_valid_fields" time="0.000"><skipped type="pytest.skip" message="No org admin from prior test">/app/backend/tests/test_iteration15.py:262: No org admin from prior test</skipped></testcase><testcase classname="tests.test_iteration15.TestSampleCertificate" name="test_verify_sample_cert" time="0.101" /><testcase classname="tests.test_iteration15.TestSampleCertificate" name="test_sample_cert_pdf" time="0.396" /><testcase classname="tests.test_iteration15.TestSuperAdminDeleteOrg" name="test_delete_org_cascades_and_clears_user_org" time="0.847" /><testcase classname="tests.test_iteration24_emails.TestForgotPasswordResend" name="test_forgot_password_fires_real_resend_send" time="2.137" /><testcase classname="tests.test_iteration15.TestSuperAdminDeleteOrg" name="test_delete_unknown_org_returns_404" time="0.102" /><testcase classname="tests.test_iteration21_password_reset.TestPasswordResetIndexes" name="test_indexes_exist" time="0.003" /><testcase classname="tests.test_iteration24_emails.TestWelcomeEmail" name="test_register_dispatches_welcome_email_nonblocking" time="1.633" /><testcase classname="tests.test_iteration24_emails.TestForgotPasswordResend" name="test_sender_email_is_no_reply_ithr_tech" time="0.801" /><testcase classname="tests.test_iteration24_emails.TestSampleCertPdf" name="test_sample_cert_pdf_valid" time="1.011" /><testcase classname="tests.test_iteration24_emails.TestCertificateEmail" name="test_quiz_pass_dispatches_cert_email_nonblocking" time="2.717" /><testcase classname="tests.test_iteration24_emails.TestSampleCertPdf" name="test_pdf_template_source_contains_ithr_palette" time="0.802" /><testcase classname="tests.test_iteration25_emails.TestPostPurgeAnalytics" name="test_analytics_reflects_purge" time="0.475"><failure message="AssertionError: users=89 outside expected post-purge band&#10;assert (89 &gt;= 55 and 89 &lt;= 80)">E   AssertionError: users=89 outside expected post-purge band
    assert (89 &gt;= 55 and 89 &lt;= 80)</failure></testcase><testcase classname="tests.test_iteration25_emails.TestPaymentConfirmationCodePath" name="test_checkout_router_dispatches_payment_email" time="0.000" /><testcase classname="tests.test_iteration25_emails.TestVerifyAlertThrottle" name="test_assessment_router_has_6h_throttle_and_sample_suppression" time="0.000" /><testcase classname="tests.test_iteration24_emails.TestOrgInviteEmail" name="test_create_invite_dispatches_invite_email" time="2.483" /><testcase classname="tests.test_iteration25_emails.TestSampleCertVerifySuppression" name="test_sample_cert_verify_no_email_fires" time="3.114" /></testsuite></testsuites>