<?xml version="1.0" encoding="utf-8"?><testsuites name="pytest tests"><testsuite name="pytest" errors="0" failures="0" skipped="0" tests="8" time="1.473" timestamp="2026-07-22T02:10:49.429465+00:00" hostname="agent-env-f87b092f-3da5-4a48-9ae2-530636b5b63d"><testcase classname="tests.test_iteration73_pdf_viewer.TestCourseCatalogCompleteness" name="test_28_courses_each_with_15_modules" time="0.264" /><testcase classname="tests.test_iteration73_pdf_viewer.TestPdfViewerContract" name="test_anonymous_returns_401" time="0.192" /><testcase classname="tests.test_iteration73_pdf_viewer.TestCourseCatalogCompleteness" name="test_regenerated_course_details" time="0.256" /><testcase classname="tests.test_iteration73_pdf_viewer.TestPdfViewerContract" name="test_non_enrolled_returns_403" time="0.352" /><testcase classname="tests.test_iteration73_pdf_viewer.TestCourseCatalogCompleteness" name="test_regenerated_course_has_full_content_flag" time="0.053" /><testcase classname="tests.test_iteration73_pdf_viewer.TestPdfViewerContract" name="test_enrolled_returns_pdf" time="0.484" /><testcase classname="tests.test_iteration73_pdf_viewer.TestPdfViewerContract" name="test_unknown_slug_returns_404" time="0.049" /><testcase classname="tests.test_iteration73_pdf_viewer.TestPdfViewerContract" name="test_unknown_filename_on_real_course_returns_404" time="0.052" /></testsuite></testsuites>