<?xml version="1.0" encoding="utf-8"?><testsuites name="pytest tests"><testsuite name="pytest" errors="0" failures="0" skipped="0" tests="9" time="5.042" timestamp="2026-07-21T18:48:32.370169+00:00" hostname="agent-env-6e8bf550-dac5-447e-8891-7c8a53905280"><testcase classname="tests.test_iteration65_me_router.TestAvatarValidation" name="test_valid_jpeg_data_uri_accepted" time="0.722" /><testcase classname="tests.test_iteration65_me_router.TestMeContract" name="test_get_me" time="0.720" /><testcase classname="tests.test_iteration65_me_router.TestAvatarValidation" name="test_invalid_mime_rejected" time="0.137" /><testcase classname="tests.test_iteration65_me_router.TestMeContract" name="test_get_me_summary" time="0.120" /><testcase classname="tests.test_iteration65_me_router.TestMeContract" name="test_patch_profile_updates_fields" time="0.271" /><testcase classname="tests.test_iteration65_me_router.TestAvatarValidation" name="test_oversized_avatar_rejected" time="0.640" /><testcase classname="tests.test_iteration65_me_router.TestChangePassword" name="test_change_password_flow" time="1.859" /><testcase classname="tests.test_iteration65_me_router.TestInspire" name="test_inspire_returns_quote" time="3.201" /><testcase classname="tests.test_iteration65_me_router.TestAuth" name="test_me_unauth" time="0.133" /></testsuite></testsuites>