<?xml version="1.0" encoding="utf-8"?><testsuites name="pytest tests"><testsuite name="pytest" errors="0" failures="2" skipped="7" tests="185" time="88.151" timestamp="2026-07-05T14:45:18.576119+00:00" hostname="agent-env-2ce18ae8-4fee-4027-af16-ed552e0ab7c4"><testcase classname="tests.backend_test.TestFullCourses" name="test_full_course_has_15_modules_12_quiz[agentic-ai-foundations]" time="0.167" /><testcase classname="tests.backend_test.TestStripeCheckout" name="test_list_packages" time="0.206" /><testcase classname="tests.backend_test.TestFullCourses" name="test_full_course_has_15_modules_12_quiz[prompt-engineering-mastery]" time="0.053" /><testcase classname="tests.backend_test.TestStripeCheckout" name="test_create_session_requires_auth" time="0.136" /><testcase classname="tests.backend_test.TestFullCourses" name="test_full_course_has_15_modules_12_quiz[multi-agent-systems]" time="0.050" /><testcase classname="tests.backend_test.TestFullCourses" name="test_full_course_has_15_modules_12_quiz[rag-enterprise]" time="0.050" /><testcase classname="tests.backend_test.TestFullCourses" name="test_full_course_has_15_modules_12_quiz[ai-governance-compliance]" time="0.047" /><testcase classname="tests.backend_test.TestFullCourses" name="test_full_course_has_15_modules_12_quiz[agentic-ai-banking]" time="0.249" /><testcase classname="tests.backend_test.TestStripeCheckout" name="test_create_session_invalid_package" time="0.332" /><testcase classname="tests.backend_test.TestFullCourses" name="test_full_course_has_15_modules_12_quiz[agentic-ai-healthcare]" time="0.050" /><testcase classname="tests.backend_test.TestFullCourses" name="test_full_course_has_15_modules_12_quiz[agentic-ai-manufacturing]" time="0.047" /><testcase classname="tests.backend_test.TestStripeCheckout" name="test_create_session_practitioner_monthly" time="0.466" /><testcase classname="tests.backend_test.TestFullCourses" name="test_full_course_has_15_modules_12_quiz[agentic-ai-retail]" time="0.386" /><testcase classname="tests.backend_test.TestFullCourses" name="test_full_course_has_15_modules_12_quiz[agentic-ai-government]" time="0.047" /><testcase classname="tests.backend_test.TestStripeCheckout" name="test_create_session_team_seats_clamped" time="0.435" /><testcase classname="tests.backend_test.TestFullCourses" name="test_list_has_ten_full_courses" time="0.428" /><testcase classname="tests.backend_test.TestStripeCheckout" name="test_create_session_team_seats_clamped_min" time="0.428" /><testcase classname="tests.backend_test.TestPushToCurriculum" name="test_apply_requires_auth" time="0.428" /><testcase classname="tests.backend_test.TestStripeCheckout" name="test_checkout_status_requires_auth" time="0.274" /><testcase classname="tests.backend_test.TestStripeCheckout" name="test_checkout_status_returns_data" time="0.306" /><testcase classname="tests.backend_test.TestPushToCurriculum" name="test_apply_requires_course_slug" time="0.578" /><testcase classname="tests.backend_test.TestPushToCurriculum" name="test_apply_unknown_signal_404" time="0.090" /><testcase classname="tests.backend_test.TestStripeCheckout" name="test_checkout_status_unknown_session_404" time="0.049" /><testcase classname="tests.backend_test.TestStripeCheckout" name="test_checkout_status_forbidden_other_user" time="0.840" /><testcase classname="tests.backend_test.TestPushToCurriculum" name="test_apply_unknown_course_404" time="0.467" /><testcase classname="tests.backend_test.TestPushToCurriculum" name="test_apply_success_returns_patch_and_updates_freshness" time="12.653" /><testcase classname="tests.backend_test.TestStripeCheckout" name="test_webhook_bad_signature_returns_400" time="0.103" /><testcase classname="tests.backend_test.TestStripeCheckout" name="test_create_session_missing_origin_url" time="0.056" /><testcase classname="tests.backend_test.TestStripeCheckout" name="test_payment_transaction_persisted" time="0.748" /><testcase classname="tests.test_iteration11" name="test_security_headers_on_api[/api/courses]" time="0.100" /><testcase classname="tests.test_iteration11" name="test_security_headers_on_api[/api/intelligence/briefing]" time="0.099" /><testcase classname="tests.test_iteration11" name="test_courses_seeded_with_freshness" time="0.102" /><testcase classname="tests.test_iteration11" name="test_assessment_questions_bank_size" time="0.104" /><testcase classname="tests.test_iteration11" name="test_recommendation_next_best_cache" time="4.524" /><testcase classname="tests.test_iteration11" name="test_enterprise_create_org_returns_hex_id" time="0.400" /><testcase classname="tests.test_iteration11" name="test_enterprise_create_invite_returns_hex_id" time="0.426" /><testcase classname="tests.test_iteration11" name="test_passport_me_returns_200" time="0.382" /><testcase classname="tests.test_iteration11" name="test_passport_public_by_slug" time="0.490" /><testcase classname="tests.backend_test.TestAuth" name="test_register_duplicate" time="0.050" /><testcase classname="tests.backend_test.TestAuth" name="test_login_valid" time="0.271" /><testcase classname="tests.backend_test.TestAuth" name="test_login_invalid" time="0.283" /><testcase classname="tests.backend_test.TestAuth" name="test_me_with_token" time="0.051" /><testcase classname="tests.backend_test.TestAuth" name="test_me_without_token" time="0.135" /><testcase classname="tests.backend_test.TestAuth" name="test_google_callback_missing_session_id" time="0.050" /><testcase classname="tests.backend_test.TestAuth" name="test_google_callback_invalid_session_id" time="0.144" /><testcase classname="tests.test_iteration15.TestSuperAdminOrgs" name="test_create_org_with_admin_and_domain_derivation" time="0.661" /><testcase classname="tests.test_iteration15.TestSuperAdminOrgs" name="test_list_orgs_contains_new_org" time="0.144" /><testcase classname="tests.test_iteration15.TestSuperAdminOrgs" name="test_admin_endpoints_require_super_admin" time="0.529" /><testcase classname="tests.test_iteration15.TestSuperAdminOrgs" name="test_admin_endpoints_require_auth" time="0.198" /><testcase classname="tests.test_iteration15.TestSuperAdminOrgs" name="test_list_users_paginated" time="0.094" /><testcase classname="tests.test_iteration15.TestSuperAdminOrgs" name="test_reset_user_password" time="2.114" /><testcase classname="tests.test_iteration15.TestSuperAdminOrgs" name="test_reset_password_unknown_user" time="0.106" /><testcase classname="tests.backend_test.TestPushToCurriculum" name="test_list_patches" time="0.052" /><testcase classname="tests.backend_test.TestPushToCurriculum" name="test_list_patches_filter_by_course" time="0.052" /><testcase classname="tests.backend_test.TestPushToCurriculum" name="test_list_patches_filter_by_status" time="0.047" /><testcase classname="tests.backend_test.TestPushToCurriculum" name="test_decide_patch_approve" time="1.422" /><testcase classname="tests.test_procurement_pack.TestProcurementPack" name="test_status_200" time="0.656" /><testcase classname="tests.test_procurement_pack.TestProcurementPack" name="test_content_type_zip" time="0.000" /><testcase classname="tests.test_procurement_pack.TestProcurementPack" name="test_content_disposition" time="0.000" /><testcase classname="tests.test_procurement_pack.TestProcurementPack" name="test_body_size_over_50kb" time="0.000" /><testcase classname="tests.test_procurement_pack.TestProcurementPack" name="test_zip_has_exactly_5_entries" time="0.000" /><testcase classname="tests.test_procurement_pack.TestProcurementPack" name="test_pdfs_have_magic_bytes_and_over_5kb" time="0.001" /><testcase classname="tests.test_procurement_pack.TestProcurementPack" name="test_readme_has_content" time="0.000" /><testcase classname="tests.backend_test.TestIntelligence" name="test_briefing_public_returns_valid_schema" time="0.054" /><testcase classname="tests.backend_test.TestIntelligence" name="test_briefing_cache_behavior" time="0.152" /><testcase classname="tests.backend_test.TestIntelligence" name="test_briefing_force_bypasses_cache" time="0.050" /><testcase classname="tests.backend_test.TestIntelligence" name="test_course_refresh_requires_auth" time="0.101" /><testcase classname="tests.backend_test.TestIntelligence" name="test_course_refresh_unknown_slug_404" time="0.055" /><testcase classname="tests.backend_test.TestIntelligence" name="test_course_refresh_returns_schema" time="25.184" /><testcase classname="tests.backend_test.TestPushToCurriculum" name="test_decide_patch_invalid_decision" time="0.047" /><testcase classname="tests.backend_test.TestPushToCurriculum" name="test_decide_patch_unknown" time="0.048" /><testcase classname="tests.test_iteration6.TestSeats" name="test_preview_checkout" time="0.607" /><testcase classname="tests.test_iteration6.TestSeats" name="test_preview_credit" time="0.055" /><testcase classname="tests.test_iteration6.TestSeats" name="test_preview_noop" time="0.051" /><testcase classname="tests.test_iteration6.TestSeats" name="test_increase_seats_returns_checkout" time="0.467" /><testcase classname="tests.test_iteration6.TestSeats" name="test_fulfill_unpaid" time="0.325" /><testcase classname="tests.test_iteration6.TestSeats" name="test_decrease_seats_applies_immediately_and_credit_event" time="0.424" /><testcase classname="tests.backend_test.TestCourses" name="test_list_all" time="0.046" /><testcase classname="tests.backend_test.TestCourses" name="test_filter_by_difficulty" time="0.045" /><testcase classname="tests.backend_test.TestCourses" name="test_filter_by_category" time="0.100" /><testcase classname="tests.backend_test.TestCourses" name="test_search_query" time="0.045" /><testcase classname="tests.backend_test.TestCourses" name="test_get_full_course" time="0.047" /><testcase classname="tests.backend_test.TestQuizCert" name="test_submit_quiz_pass_and_certificate" time="0.100" /><testcase classname="tests.backend_test.TestQuizCert" name="test_certificates_list" time="0.086" /><testcase classname="tests.backend_test.TestQuizCert" name="test_certificate_verify_public" time="0.136" /><testcase classname="tests.backend_test.TestQuizCert" name="test_certificate_verify_not_found" time="0.046" /><testcase classname="tests.backend_test.TestQuizCert" name="test_submit_quiz_fail" time="0.408" /><testcase classname="tests.test_iteration5.TestAssessmentSubmitAndCert" name="test_submit_pass_and_no_duplicate_cert" time="0.610" /><testcase classname="tests.test_iteration5.TestAssessmentSubmitAndCert" name="test_certificates_list_contains_cert" time="0.048" /><testcase classname="tests.test_iteration5.TestAssessmentSubmitAndCert" name="test_attempts_hides_answers" time="0.049" /><testcase classname="tests.test_iteration5.TestAssessmentSubmitAndCert" name="test_certificate_qr_svg" time="0.058" /><testcase classname="tests.test_iteration5.TestAssessmentSubmitAndCert" name="test_certificate_qr_not_found" time="0.054" /><testcase classname="tests.test_iteration7.TestDemoLesson" name="test_lesson_public_shape" time="0.094" /><testcase classname="tests.test_iteration7.TestDemoLesson" name="test_ask_short_message_422" time="0.099" /><testcase classname="tests.test_iteration7.TestDemoLesson" name="test_ask_long_message_422" time="0.097" /><testcase classname="tests.test_iteration7.TestDemoLesson" name="test_ask_sse_stream" time="6.689" /><testcase classname="tests.test_iteration7.TestDemoLesson" name="test_rate_limit_6th_request" time="0.614" /><testcase classname="tests.backend_test.TestEnrollment" name="test_enroll_requires_auth" time="0.102" /><testcase classname="tests.backend_test.TestEnrollment" name="test_enroll_first_and_repeat" time="0.200" /><testcase classname="tests.backend_test.TestEnrollment" name="test_get_enrollments" time="0.047" /><testcase classname="tests.backend_test.TestEnrollment" name="test_complete_lesson" time="0.094" /><testcase classname="tests.test_iteration15.TestFoundingMember" name="test_register_returns_founding_fields" time="0.317"><skipped type="pytest.skip" message="Founder cap already reached in this DB — skipping content asserts.">/app/backend/tests/test_iteration15.py:72: Founder cap already reached in this DB — skipping content asserts.</skipped></testcase><testcase classname="tests.test_iteration15.TestFoundingMember" name="test_founding_idempotent_across_refresh_and_me" time="0.338"><skipped type="pytest.skip" message="Founder cap reached; idempotency test needs a founder user.">/app/backend/tests/test_iteration15.py:88: Founder cap reached; idempotency test needs a founder user.</skipped></testcase><testcase classname="tests.test_iteration15.TestFoundingMember" name="test_founding_first_course_lock" time="0.335"><skipped type="pytest.skip" message="Founder cap reached — first-course lock test needs a founder user.">/app/backend/tests/test_iteration15.py:109: Founder cap reached — first-course lock test needs a founder user.</skipped></testcase><testcase classname="tests.test_iteration15.TestFoundingMember" name="test_founding_cap_logic_via_code_inspection" time="0.242" /><testcase classname="tests.test_iteration6.TestPaths" name="test_list_paths" time="0.118" /><testcase classname="tests.test_iteration6.TestPaths" name="test_get_path_detail" time="0.051" /><testcase classname="tests.test_iteration6.TestPaths" name="test_path_not_found" time="0.046" /><testcase classname="tests.test_iteration6.TestPaths" name="test_enroll_path_and_idempotency" time="0.373" /><testcase classname="tests.backend_test.TestCatalog" name="test_industries" time="0.043" /><testcase classname="tests.backend_test.TestCatalog" name="test_categories" time="0.083" /><testcase classname="tests.backend_test.TestCatalog" name="test_certification_paths" time="0.042" /><testcase classname="tests.backend_test.TestFreshness" name="test_list_courses_have_freshness_fields" time="0.048" /><testcase classname="tests.backend_test.TestFreshness" name="test_freshness_decreases_with_days" time="0.045" /><testcase classname="tests.backend_test.TestFreshness" name="test_single_course_has_freshness_fields" time="0.049" /><testcase classname="tests.backend_test.TestEnterpriseOrg" name="test_mine_returns_404_when_no_org" time="0.316" /><testcase classname="tests.backend_test.TestEnterpriseOrg" name="test_create_organization_requires_auth" time="0.098" /><testcase classname="tests.backend_test.TestEnterpriseOrg" name="test_full_org_flow" time="1.421"><failure message="assert 400 == 200&#10; +  where 400 = &lt;Response [400]&gt;.status_code">E   assert 400 == 200
     +  where 400 = &lt;Response [400]&gt;.status_code</failure></testcase><testcase classname="tests.test_iteration14.TestRefreshEndpoint" name="test_refresh_without_cookie_returns_401" time="0.124" /><testcase classname="tests.test_iteration14.TestRefreshEndpoint" name="test_refresh_with_bogus_cookie_returns_401_and_clears" time="0.094" /><testcase classname="tests.test_iteration14.TestRefreshEndpoint" name="test_refresh_with_valid_cookie_rotates_and_returns_new_token" time="1.481" /><testcase classname="tests.test_iteration14.TestTokenClaims" name="test_access_token_has_type_access_and_15min_expiry" time="0.321" /><testcase classname="tests.test_iteration14.TestTokenClaims" name="test_refresh_token_has_type_refresh_and_7day_expiry" time="0.322" /><testcase classname="tests.test_iteration14.TestTokenClaims" name="test_legacy_create_token_alias_still_accepted_by_me" time="0.386" /><testcase classname="tests.test_iteration14.TestAssessmentSessionRefactor" name="test_adaptive_onboarding_mode" time="0.419" /><testcase classname="tests.test_iteration14.TestAssessmentSessionRefactor" name="test_count_parameter_honored" time="0.097" /><testcase classname="tests.test_iteration14.TestAssessmentSessionRefactor" name="test_seed_reproduces_paper" time="0.208" /><testcase classname="tests.test_iteration14.TestQuizSubmitRefactor" name="test_pass_creates_cert_and_no_duplicate_on_resubmit" time="0.617" /><testcase classname="tests.test_iteration14.TestQuizSubmitRefactor" name="test_fail_returns_no_certificate" time="0.465" /><testcase classname="tests.test_iteration14.TestQuizSubmitRefactor" name="test_perm_shuffled_indices_decode_correctly" time="0.509" /><testcase classname="tests.test_iteration15.TestEnterpriseAdminCreateUser" name="test_admin_creates_user_with_matching_domain" time="0.000"><skipped type="pytest.skip" message="Need org from prior test">/app/backend/tests/test_iteration15.py:270: Need org from prior test</skipped></testcase><testcase classname="tests.test_iteration15.TestEnterpriseAdminCreateUser" name="test_admin_create_user_mismatched_domain_rejected" time="0.000"><skipped type="pytest.skip" message="Need org from prior test">/app/backend/tests/test_iteration15.py:296: Need org from prior test</skipped></testcase><testcase classname="tests.test_iteration15.TestEnterpriseAdminCreateUser" name="test_admin_create_user_requires_valid_fields" time="0.000"><skipped type="pytest.skip" message="No org admin from prior test">/app/backend/tests/test_iteration15.py:260: No org admin from prior test</skipped></testcase><testcase classname="tests.test_iteration5.TestRegression" name="test_courses_count" time="0.115" /><testcase classname="tests.test_iteration5.TestRegression" name="test_intelligence_signals" time="0.044" /><testcase classname="tests.test_iteration5.TestRegression" name="test_enterprise_dashboard_requires_auth" time="0.099" /><testcase classname="tests.test_iteration6.TestPassport" name="test_me_fresh_learner" time="0.378" /><testcase classname="tests.test_iteration6.TestPassport" name="test_public_passport_no_auth" time="0.097" /><testcase classname="tests.test_iteration6.TestPassport" name="test_certificate_lifts_credential_level" time="0.207" /><testcase classname="tests.test_iteration6.TestAdaptive" name="test_onboarding_mode_new_learner" time="0.321" /><testcase classname="tests.test_iteration6.TestAdaptive" name="test_reinforce_after_fail" time="0.147" /><testcase classname="tests.test_iteration6.TestAdaptive" name="test_escalate_after_pass" time="0.048" /><testcase classname="tests.test_iteration6.TestPatches" name="test_seed_and_decide_patch" time="14.690" /><testcase classname="tests.test_iteration5.TestMentor" name="test_chat_sse_creates_session" time="9.534" /><testcase classname="tests.test_iteration5.TestMentor" name="test_list_sessions_contains" time="0.053" /><testcase classname="tests.test_iteration5.TestMentor" name="test_get_session_messages" time="0.046" /><testcase classname="tests.test_iteration5.TestMentor" name="test_chat_continuity_with_session_id" time="8.903" /><testcase classname="tests.test_iteration6.TestPatches" name="test_decide_invalid_id" time="0.051" /><testcase classname="tests.test_iteration6.TestPatches" name="test_decide_invalid_value" time="0.050" /><testcase classname="tests.test_iteration7.TestDigest" name="test_preview_html" time="0.566" /><testcase classname="tests.test_iteration7.TestDigest" name="test_send_graceful_degradation" time="0.100" /><testcase classname="tests.test_iteration7.TestDigest" name="test_log_endpoint" time="0.107" /><testcase classname="tests.test_iteration7.TestNotifications" name="test_set_and_get_webhooks" time="0.197" /><testcase classname="tests.test_iteration7.TestNotifications" name="test_invalid_slack_url_400" time="0.103" /><testcase classname="tests.test_iteration7.TestNotifications" name="test_invalid_teams_url_400" time="0.105" /><testcase classname="tests.test_iteration14.TestAuthCookieFlags" name="test_register_sets_refresh_cookie_with_correct_flags" time="0.321" /><testcase classname="tests.test_iteration14.TestAuthCookieFlags" name="test_login_sets_refresh_cookie" time="0.650" /><testcase classname="tests.test_iteration14.TestGoogleCallback" name="test_missing_session_id_400" time="0.123" /><testcase classname="tests.test_iteration14.TestGoogleCallback" name="test_invalid_session_id_401_not_500" time="0.172" /><testcase classname="tests.test_iteration14.TestPassportRefactor" name="test_passport_me_shape" time="0.389" /><testcase classname="tests.test_iteration14.TestPassportRefactor" name="test_passport_public_by_slug" time="0.472" /><testcase classname="tests.test_iteration14.TestCertPdfBrandTag" name="test_cert_pdf_returns_pdf" time="0.813" /><testcase classname="tests.test_iteration14.TestCertPdfBrandTag" name="test_cert_pdf_template_uses_independent_issuer_tag" time="0.039" /><testcase classname="tests.test_iteration15.TestSuperAdminDeleteOrg" name="test_delete_org_cascades_and_clears_user_org" time="0.321"><skipped type="pytest.skip" message="Need org + admin from prior tests">/app/backend/tests/test_iteration15.py:326: Need org + admin from prior tests</skipped></testcase><testcase classname="tests.test_iteration15.TestSuperAdminDeleteOrg" name="test_delete_unknown_org_returns_404" time="0.107" /><testcase classname="tests.test_iteration15.TestSampleCertificate" name="test_verify_sample_cert" time="0.101" /><testcase classname="tests.test_iteration15.TestSampleCertificate" name="test_sample_cert_pdf" time="0.269" /><testcase classname="tests.test_iteration5.TestAssessmentSession" name="test_session_returns_questions_shape" time="0.371" /><testcase classname="tests.test_iteration5.TestAssessmentSession" name="test_session_randomization" time="0.094" /><testcase classname="tests.test_iteration5.TestRecommendations" name="test_recommendations_list" time="0.048" /><testcase classname="tests.test_iteration5.TestRecommendations" name="test_next_best_and_cache" time="3.987" /><testcase classname="tests.test_iteration5.TestMentor" name="test_delete_session_and_404" time="0.122" /><testcase classname="tests.test_iteration5.TestMentor" name="test_mentor_requires_auth" time="0.132" /><testcase classname="tests.backend_test" name="test_health" time="0.060" /><testcase classname="tests.backend_test.TestDashboard" name="test_stats" time="0.049" /><testcase classname="tests.backend_test.TestAITutor" name="test_stream_tutor" time="11.778" /><testcase classname="tests.test_iteration8_pdf" name="test_existing_cert_verify_public" time="0.172" /><testcase classname="tests.test_iteration8_pdf" name="test_existing_cert_pdf_export" time="0.272" /><testcase classname="tests.test_iteration14.TestEnterpriseDashboardRefactor" name="test_dashboard_shape_unchanged" time="0.435" /><testcase classname="tests.test_iteration14.TestMentorRefactor" name="test_mentor_chat_streams_and_persists_session" time="6.431" /><testcase classname="tests.test_iteration6.TestRegression" name="test_courses_count" time="0.128" /><testcase classname="tests.test_iteration7.TestCertificatePDF" name="test_pdf_after_quiz_pass" time="0.929" /><testcase classname="tests.backend_test.TestRouterRefactorSanity" name="test_all_router_endpoints_respond" time="0.901" /><testcase classname="tests.test_iteration7.TestPatchDecideWithWebhook" name="test_patch_decide_does_not_break_with_fake_webhooks" time="14.933"><failure message="AssertionError: &lt;!DOCTYPE html&gt;&#10;  &lt;!--[if lt IE 7]&gt; &lt;html class=&quot;no-js ie6 oldie&quot; lang=&quot;en-US&quot;&gt; &lt;![endif]--&gt;&#10;  &lt;!--[if IE 7]&gt;    &lt;html class=&quot;no-js ie7 oldie&quot; lang=&quot;en-US&quot;&gt; &lt;![endif]--&gt;&#10;  &lt;!--[if IE 8]&gt;    &lt;html class=&quot;no-&#10;assert 502 == 200&#10; +  where 502 = &lt;Response [502]&gt;.status_code">E   AssertionError: &lt;!DOCTYPE html&gt;
      &lt;!--[if lt IE 7]&gt; &lt;html class="no-js ie6 oldie" lang="en-US"&gt; &lt;![endif]--&gt;
      &lt;!--[if IE 7]&gt;    &lt;html class="no-js ie7 oldie" lang="en-US"&gt; &lt;![endif]--&gt;
      &lt;!--[if IE 8]&gt;    &lt;html class="no-
    assert 502 == 200
     +  where 502 = &lt;Response [502]&gt;.status_code</failure></testcase><testcase classname="tests.test_iteration14.TestLogout" name="test_logout_clears_cookie" time="0.445" /></testsuite></testsuites>