<?xml version="1.0" encoding="utf-8"?><testsuites name="pytest tests"><testsuite name="pytest" errors="0" failures="0" skipped="0" tests="7" time="1.386" timestamp="2026-07-05T01:28:14.397648+00:00" hostname="agent-env-2ce18ae8-4fee-4027-af16-ed552e0ab7c4"><testcase classname="tests.test_procurement_pack.TestProcurementPack" name="test_status_200" time="0.747" /><testcase classname="tests.test_procurement_pack.TestProcurementPack" name="test_content_type_zip" time="0.000" /><testcase classname="tests.test_procurement_pack.TestProcurementPack" name="test_content_disposition" time="0.000" /><testcase classname="tests.test_procurement_pack.TestProcurementPack" name="test_body_size_over_50kb" time="0.000" /><testcase classname="tests.test_procurement_pack.TestProcurementPack" name="test_zip_has_exactly_5_entries" time="0.000" /><testcase classname="tests.test_procurement_pack.TestProcurementPack" name="test_pdfs_have_magic_bytes_and_over_5kb" time="0.001" /><testcase classname="tests.test_procurement_pack.TestProcurementPack" name="test_readme_has_content" time="0.000" /></testsuite></testsuites>