<?xml version="1.0" encoding="utf-8"?><testsuites name="pytest tests"><testsuite name="pytest" errors="0" failures="0" skipped="0" tests="10" time="5.817" timestamp="2026-07-21T02:09:07.500634+00:00" hostname="agent-env-6e8bf550-dac5-447e-8891-7c8a53905280"><testcase classname="tests.test_iteration64_copilot_automations.TestCopilotSnapshot" name="test_snapshot_unauth" time="0.207" /><testcase classname="tests.test_iteration64_copilot_automations.TestAutomationCRUD" name="test_full_lifecycle" time="1.474" /><testcase classname="tests.test_iteration64_copilot_automations.TestCopilotSnapshot" name="test_snapshot_shape" time="0.505" /><testcase classname="tests.test_iteration64_copilot_automations.TestCopilotReset" name="test_reset_returns_new_session" time="0.046" /><testcase classname="tests.test_iteration64_copilot_automations.TestCopilotChatSSE" name="test_chat_stream_events" time="2.416" /><testcase classname="tests.test_iteration64_copilot_automations.TestAutomationCRUD" name="test_invalid_trigger_rejected" time="0.052" /><testcase classname="tests.test_iteration64_copilot_automations.TestAutomationCRUD" name="test_invalid_action_rejected" time="0.063" /><testcase classname="tests.test_iteration64_copilot_automations.TestAutomationCRUD" name="test_delete_missing_returns_404" time="0.060" /><testcase classname="tests.test_iteration64_copilot_automations.TestAutomationsMeta" name="test_meta_returns_registries" time="0.090" /><testcase classname="tests.test_iteration64_copilot_automations.TestAutomationTriggerDispatchOnLead" name="test_enterprise_lead_dispatch" time="2.196" /></testsuite></testsuites>