<?xml version="1.0" encoding="utf-8"?><testsuites name="pytest tests"><testsuite name="pytest" errors="0" failures="0" skipped="0" tests="6" time="1.153" timestamp="2026-07-14T08:55:35.758072+00:00" hostname="agent-env-8dc3dc25-271f-45dc-9a86-014d77fe123d"><testcase classname="tests.test_iteration44_dashboard_cleanup" name="test_alerts_no_stub_entries" time="0.649" /><testcase classname="tests.test_iteration44_dashboard_cleanup" name="test_dashboard_revenue_rename" time="0.077" /><testcase classname="tests.test_iteration44_dashboard_cleanup" name="test_courses_count" time="0.066" /><testcase classname="tests.test_iteration44_dashboard_cleanup" name="test_course_lesson_content_length[agentic-ai-healthcare]" time="0.109" /><testcase classname="tests.test_iteration44_dashboard_cleanup" name="test_course_lesson_content_length[agentic-ai-retail]" time="0.100" /><testcase classname="tests.test_iteration44_dashboard_cleanup" name="test_course_lesson_content_length[multi-agent-systems]" time="0.077" /></testsuite></testsuites>