<?xml version="1.0" encoding="utf-8"?><testsuites name="pytest tests"><testsuite name="pytest" errors="0" failures="4" skipped="1" tests="48" time="13.010" timestamp="2026-07-06T03:32:39.562463+00:00" hostname="agent-env-2ce18ae8-4fee-4027-af16-ed552e0ab7c4"><testcase classname="tests.test_iteration15.TestSuperAdminOrgs" name="test_create_org_with_admin_and_domain_derivation" time="0.864" /><testcase classname="tests.test_iteration16_analytics.TestPlatformAnalytics" name="test_shape_and_defaults_30d" time="0.873" /><testcase classname="tests.test_iteration15.TestSuperAdminOrgs" name="test_list_orgs_contains_new_org" time="0.114" /><testcase classname="tests.test_iteration16_analytics.TestPlatformAnalytics" name="test_days_7_returns_len_7" time="0.159" /><testcase classname="tests.test_iteration15.TestSuperAdminOrgs" name="test_admin_endpoints_require_super_admin" time="0.547" /><testcase classname="tests.test_iteration16_analytics.TestPlatformAnalytics" name="test_days_90_returns_len_90" time="0.294" /><testcase classname="tests.test_iteration16_analytics.TestPlatformAnalytics" name="test_days_clamp_below_7" time="0.105" /><testcase classname="tests.test_iteration16_analytics.TestPlatformAnalytics" name="test_days_clamp_above_90" time="0.114" /><testcase classname="tests.test_iteration15.TestSuperAdminOrgs" name="test_admin_endpoints_require_auth" time="0.217" /><testcase classname="tests.test_iteration16_analytics.TestPlatformAnalytics" name="test_no_token_returns_401_or_403" time="0.107" /><testcase classname="tests.test_iteration15.TestSuperAdminOrgs" name="test_list_users_paginated" time="0.243" /><testcase classname="tests.test_iteration15.TestSuperAdminOrgs" name="test_reset_user_password" time="1.666" /><testcase classname="tests.test_iteration16_analytics.TestPlatformAnalytics" name="test_learner_token_returns_403_super_admin_only" time="0.668" /><testcase classname="tests.test_iteration21_password_reset.TestResetPassword" name="test_reset_happy_path" time="1.871" /><testcase classname="tests.test_iteration15.TestSuperAdminOrgs" name="test_reset_password_unknown_user" time="0.272" /><testcase classname="tests.test_iteration15.TestFoundingMember" name="test_register_returns_founding_fields" time="0.521" /><testcase classname="tests.test_iteration21_password_reset.TestResetPassword" name="test_reset_with_expired_token" time="0.232" /><testcase classname="tests.test_iteration21_password_reset.TestResetPassword" name="test_reset_with_consumed_token_reuse" time="0.560" /><testcase classname="tests.test_iteration15.TestFoundingMember" name="test_founding_idempotent_across_refresh_and_me" time="0.757" /><testcase classname="tests.test_iteration21_password_reset.TestResetPassword" name="test_reset_with_invalid_token" time="0.047" /><testcase classname="tests.test_iteration21_password_reset.TestResetPassword" name="test_reset_with_short_password_returns_422" time="0.089" /><testcase classname="tests.test_iteration15.TestFoundingMember" name="test_founding_first_course_lock" time="1.554" /><testcase classname="tests.test_iteration16_analytics.TestOrgAnalytics" name="test_shape_as_org_admin" time="1.283" /><testcase classname="tests.test_iteration15.TestFoundingMember" name="test_founding_cap_logic_via_code_inspection" time="0.237" /><testcase classname="tests.test_iteration16_analytics.TestOrgAnalytics" name="test_learner_in_no_org_returns_404" time="0.524" /><testcase classname="tests.test_iteration16_analytics.TestOrgAnalytics" name="test_non_admin_org_member_returns_403" time="1.047" /><testcase classname="tests.test_iteration21_password_reset.TestForgotPassword" name="test_forgot_existing_user_returns_200_and_inserts_token" time="0.880" /><testcase classname="tests.test_iteration21_password_reset.TestForgotPassword" name="test_forgot_unknown_email_returns_200_no_row" time="0.049" /><testcase classname="tests.test_iteration21_password_reset.TestForgotPassword" name="test_forgot_malformed_email_returns_422" time="0.043" /><testcase classname="tests.test_iteration21_password_reset.TestForgotPassword" name="test_forgot_rate_limit_silent_throttle" time="1.315" /><testcase classname="tests.test_iteration16_analytics.TestOrgAnalytics" name="test_no_token_returns_401_or_403" time="0.100" /><testcase classname="tests.test_iteration26_impressions.TestImpressionsEndpoint" name="test_requires_auth" time="0.144" /><testcase classname="tests.test_iteration26_impressions.TestImpressionsEndpoint" name="test_returns_shape_and_matches_db" time="0.440" /><testcase classname="tests.test_iteration26_impressions.TestImpressionsEndpoint" name="test_by_certificate_sorted_desc" time="0.096" /><testcase classname="tests.test_iteration26_impressions.TestImpressionsEndpoint" name="test_impressions_bad_token_rejected" time="0.109" /><testcase classname="tests.test_iteration15.TestSuperAdminDeleteOrg" name="test_delete_org_cascades_and_clears_user_org" time="0.325"><skipped type="pytest.skip" message="Need org + admin from prior tests">/app/backend/tests/test_iteration15.py:328: Need org + admin from prior tests</skipped></testcase><testcase classname="tests.test_iteration15.TestSuperAdminDeleteOrg" name="test_delete_unknown_org_returns_404" time="0.152" /><testcase classname="tests.test_iteration15.TestEnterpriseAdminCreateUser" name="test_admin_creates_user_with_matching_domain" time="0.097"><failure message="AssertionError: {&quot;detail&quot;:[{&quot;type&quot;:&quot;value_error&quot;,&quot;loc&quot;:[&quot;body&quot;,&quot;email&quot;],&quot;msg&quot;:&quot;value is not a valid email address: The part after the @-sign is a special-use or reserved name that cannot be used with email.&quot;,&quot;input&quot;:&quot;cto+66b3b4@acme-66b3b4.test&quot;,&quot;ctx&quot;:{&quot;reason&quot;:&quot;The part after the @-sign is a special-use or reserved name that cannot be used with email.&quot;}}]}&#10;assert 422 == 200&#10; +  where 422 = &lt;Response [422]&gt;.status_code">E   AssertionError: {"detail":[{"type":"value_error","loc":["body","email"],"msg":"value is not a valid email address: The part after the @-sign is a special-use or reserved name that cannot be used with email.","input":"cto+66b3b4@acme-66b3b4.test","ctx":{"reason":"The part after the @-sign is a special-use or reserved name that cannot be used with email."}}]}
    assert 422 == 200
     +  where 422 = &lt;Response [422]&gt;.status_code</failure></testcase><testcase classname="tests.test_iteration15.TestSampleCertificate" name="test_verify_sample_cert" time="0.097" /><testcase classname="tests.test_iteration15.TestEnterpriseAdminCreateUser" name="test_admin_create_user_mismatched_domain_rejected" time="0.133"><failure message="AssertionError: {&quot;detail&quot;:[{&quot;type&quot;:&quot;value_error&quot;,&quot;loc&quot;:[&quot;body&quot;,&quot;email&quot;],&quot;msg&quot;:&quot;value is not a valid email address: The part after the @-sign is a special-use or reserved name that cannot be used with email.&quot;,&quot;input&quot;:&quot;cto+66b3b4@acme-66b3b4.test&quot;,&quot;ctx&quot;:{&quot;reason&quot;:&quot;The part after the @-sign is a special-use or reserved name that cannot be used with email.&quot;}}]}&#10;assert 422 == 200&#10; +  where 422 = &lt;Response [422]&gt;.status_code">E   AssertionError: {"detail":[{"type":"value_error","loc":["body","email"],"msg":"value is not a valid email address: The part after the @-sign is a special-use or reserved name that cannot be used with email.","input":"cto+66b3b4@acme-66b3b4.test","ctx":{"reason":"The part after the @-sign is a special-use or reserved name that cannot be used with email."}}]}
    assert 422 == 200
     +  where 422 = &lt;Response [422]&gt;.status_code</failure></testcase><testcase classname="tests.test_iteration15.TestSampleCertificate" name="test_sample_cert_pdf" time="0.342" /><testcase classname="tests.test_iteration15.TestEnterpriseAdminCreateUser" name="test_admin_create_user_requires_valid_fields" time="0.271"><failure message="AssertionError: {&quot;detail&quot;:[{&quot;type&quot;:&quot;value_error&quot;,&quot;loc&quot;:[&quot;body&quot;,&quot;email&quot;],&quot;msg&quot;:&quot;value is not a valid email address: The part after the @-sign is a special-use or reserved name that cannot be used with email.&quot;,&quot;input&quot;:&quot;cto+66b3b4@acme-66b3b4.test&quot;,&quot;ctx&quot;:{&quot;reason&quot;:&quot;The part after the @-sign is a special-use or reserved name that cannot be used with email.&quot;}}]}&#10;assert 422 == 200&#10; +  where 422 = &lt;Response [422]&gt;.status_code">E   AssertionError: {"detail":[{"type":"value_error","loc":["body","email"],"msg":"value is not a valid email address: The part after the @-sign is a special-use or reserved name that cannot be used with email.","input":"cto+66b3b4@acme-66b3b4.test","ctx":{"reason":"The part after the @-sign is a special-use or reserved name that cannot be used with email."}}]}
    assert 422 == 200
     +  where 422 = &lt;Response [422]&gt;.status_code</failure></testcase><testcase classname="tests.test_iteration26_impressions.TestVerifyImpressionDedup" name="test_verify_real_cert_creates_and_dedups" time="2.108" /><testcase classname="tests.test_iteration21_password_reset.TestPasswordResetIndexes" name="test_indexes_exist" time="0.003" /><testcase classname="tests.test_iteration26_impressions.TestIndexes" name="test_verify_impressions_indexes" time="0.004" /><testcase classname="tests.test_iteration26_impressions.TestEmailThrottleGuard" name="test_duplicate_verify_does_not_re_alert" time="0.245"><failure message="AssertionError: duplicate should not create new impression&#10;assert 2 == 1">E   AssertionError: duplicate should not create new impression
    assert 2 == 1</failure></testcase><testcase classname="tests.test_iteration26_impressions.TestVerifyImpressionDedup" name="test_different_ip_or_day_creates_new_row" time="0.002" /><testcase classname="tests.test_iteration26_impressions.TestSampleCertSuppression" name="test_sample_verify_does_not_create_impression" time="0.297" /></testsuite></testsuites>