<?xml version="1.0" encoding="utf-8"?><testsuites name="pytest tests"><testsuite name="pytest" errors="0" failures="0" skipped="1" tests="13" time="4.622" timestamp="2026-07-06T05:31:15.163818+00:00" hostname="agent-env-2ce18ae8-4fee-4027-af16-ed552e0ab7c4"><testcase classname="tests.test_iteration30_refactors.TestSanity" name="test_api_health" time="0.230" /><testcase classname="tests.test_iteration30_refactors.TestSanity" name="test_admin_analytics_shape" time="0.704" /><testcase classname="tests.test_iteration30_refactors.TestDigestRefactor" name="test_preview_html_contains_kpis_and_org_name" time="1.430" /><testcase classname="tests.test_iteration30_refactors.TestDigestRefactor" name="test_preview_unauth_rejected" time="0.266" /><testcase classname="tests.test_iteration30_refactors.TestSanity" name="test_admin_orgs_lookup" time="1.033" /><testcase classname="tests.test_iteration30_refactors.TestDigestRefactor" name="test_preview_non_member_rejected" time="0.363" /><testcase classname="tests.test_iteration30_refactors.TestSanity" name="test_assessment_session_randomized" time="0.047"><skipped type="pytest.skip" message="assessment course not seeded in this env">/app/backend/tests/test_iteration30_refactors.py:145: assessment course not seeded in this env</skipped></testcase><testcase classname="tests.test_iteration30_refactors.TestFulfillSeatIncrementRefactor" name="test_unauth_rejected" time="0.048" /><testcase classname="tests.test_iteration30_refactors.TestDigestRefactor" name="test_send_requires_admin_role" time="1.014" /><testcase classname="tests.test_iteration30_refactors.TestFulfillSeatIncrementRefactor" name="test_non_owner_rejected" time="1.092" /><testcase classname="tests.test_iteration30_refactors.TestDigestRefactor" name="test_send_by_admin_returns_log" time="0.656" /><testcase classname="tests.test_iteration30_refactors.TestFulfillSeatIncrementRefactor" name="test_owner_unknown_session_returns_404" time="0.046" /><testcase classname="tests.test_iteration30_refactors.TestFulfillSeatIncrementRefactor" name="test_idempotency_already_fulfilled" time="0.871" /></testsuite></testsuites>