<?xml version="1.0" encoding="utf-8"?><testsuites name="pytest tests"><testsuite name="pytest" errors="0" failures="0" skipped="0" tests="16" time="3.875" timestamp="2026-07-07T07:21:44.593565+00:00" hostname="agent-env-8dc3dc25-271f-45dc-9a86-014d77fe123d"><testcase classname="tests.test_iteration40_video_quiz_referral.TestReferralRegistration" name="test_register_with_valid_code_upper" time="0.441" /><testcase classname="tests.test_iteration40_video_quiz_referral.TestReferralRegistration" name="test_register_with_valid_code_lower" time="0.274" /><testcase classname="tests.test_iteration40_video_quiz_referral.TestReferralRegistration" name="test_register_with_invalid_code_400_no_user" time="0.094" /><testcase classname="tests.test_iteration40_video_quiz_referral.TestReferralRegistration" name="test_register_without_code_normal" time="0.276" /><testcase classname="tests.test_iteration40_video_quiz_referral.TestVideoQuizLearner" name="test_get_video_quiz_returns_video_and_checkpoints_no_answers" time="0.379" /><testcase classname="tests.test_iteration40_video_quiz_referral.TestVideoQuizLearner" name="test_get_video_quiz_requires_auth" time="0.051" /><testcase classname="tests.test_iteration40_video_quiz_referral.TestVideoQuizReset" name="test_enroll_complete_lesson_then_fail_3x_resets" time="0.964" /><testcase classname="tests.test_iteration40_video_quiz_referral.TestVideoQuizReset" name="test_correct_answer_returns_correct_true" time="0.093" /><testcase classname="tests.test_iteration40_video_quiz_referral.TestAdminAuthz" name="test_learner_cannot_list" time="0.048" /><testcase classname="tests.test_iteration40_video_quiz_referral.TestAdminAuthz" name="test_learner_cannot_post" time="0.044" /><testcase classname="tests.test_iteration40_video_quiz_referral.TestAdminAuthz" name="test_unauth_cannot_set_video" time="0.046" /><testcase classname="tests.test_iteration40_video_quiz_referral.TestAdminCRUD" name="test_admin_crud_lifecycle" time="0.232" /><testcase classname="tests.test_iteration40_video_quiz_referral.TestAdminCRUD" name="test_admin_create_correct_index_out_of_range_400" time="0.051" /><testcase classname="tests.test_iteration40_video_quiz_referral.TestAdminCRUD" name="test_admin_set_lesson_video" time="0.046" /><testcase classname="tests.test_iteration40_video_quiz_referral.TestCertificatePdf" name="test_sample_cert_pdf_200" time="0.729" /><testcase classname="tests.test_iteration40_video_quiz_referral.TestCertificatePdf" name="test_nonexistent_cert_404" time="0.045" /></testsuite></testsuites>