<?xml version="1.0" encoding="utf-8"?><testsuites name="pytest tests"><testsuite name="pytest" errors="0" failures="0" skipped="0" tests="8" time="2.526" timestamp="2026-07-21T20:05:42.623488+00:00" hostname="agent-env-6e8bf550-dac5-447e-8891-7c8a53905280"><testcase classname="tests.test_iteration66_daily_goal.TestUnauthenticated" name="test_get_requires_auth" time="0.383" /><testcase classname="tests.test_iteration66_daily_goal.TestDailyGoalPatch" name="test_patch_persists" time="0.896" /><testcase classname="tests.test_iteration66_daily_goal.TestUnauthenticated" name="test_patch_requires_auth" time="0.133" /><testcase classname="tests.test_iteration66_daily_goal.TestDailyGoalPatch" name="test_patch_min_validation" time="0.127" /><testcase classname="tests.test_iteration66_daily_goal.TestDailyGoalDefaults" name="test_get_daily_goal_default_shape" time="0.552" /><testcase classname="tests.test_iteration66_daily_goal.TestDailyGoalPatch" name="test_patch_max_validation" time="0.148" /><testcase classname="tests.test_iteration66_daily_goal.TestMinutesComputation" name="test_minutes_today" time="0.278" /><testcase classname="tests.test_iteration66_daily_goal.TestStreakLogic" name="test_three_day_streak" time="0.261" /></testsuite></testsuites>