<?xml version="1.0" encoding="utf-8"?><testsuites name="pytest tests"><testsuite name="pytest" errors="0" failures="0" skipped="0" tests="9" time="3.703" timestamp="2026-07-06T03:12:35.688039+00:00" hostname="agent-env-2ce18ae8-4fee-4027-af16-ed552e0ab7c4"><testcase classname="tests.test_iteration26_impressions.TestImpressionsEndpoint" name="test_requires_auth" time="0.269" /><testcase classname="tests.test_iteration26_impressions.TestVerifyImpressionDedup" name="test_verify_real_cert_creates_and_dedups" time="2.566" /><testcase classname="tests.test_iteration26_impressions.TestImpressionsEndpoint" name="test_returns_shape_and_matches_db" time="0.486" /><testcase classname="tests.test_iteration26_impressions.TestImpressionsEndpoint" name="test_by_certificate_sorted_desc" time="0.107" /><testcase classname="tests.test_iteration26_impressions.TestImpressionsEndpoint" name="test_impressions_bad_token_rejected" time="0.106" /><testcase classname="tests.test_iteration26_impressions.TestSampleCertSuppression" name="test_sample_verify_does_not_create_impression" time="0.358" /><testcase classname="tests.test_iteration26_impressions.TestEmailThrottleGuard" name="test_duplicate_verify_does_not_re_alert" time="0.207" /><testcase classname="tests.test_iteration26_impressions.TestVerifyImpressionDedup" name="test_different_ip_or_day_creates_new_row" time="0.003" /><testcase classname="tests.test_iteration26_impressions.TestIndexes" name="test_verify_impressions_indexes" time="0.001" /></testsuite></testsuites>