<?xml version="1.0" encoding="utf-8"?><testsuites name="pytest tests"><testsuite name="pytest" errors="0" failures="0" skipped="0" tests="16" time="2.012" timestamp="2026-07-21T00:21:06.993135+00:00" hostname="agent-env-6e8bf550-dac5-447e-8891-7c8a53905280"><testcase classname="tests.test_iteration62_agentos_sprint2.TestSignatureVerifyUnit" name="test_verify_correct" time="0.188" /><testcase classname="tests.test_iteration62_agentos_sprint2.TestSignatureVerifyUnit" name="test_verify_wrong_secret" time="0.001" /><testcase classname="tests.test_iteration62_agentos_sprint2.TestSignatureVerifyUnit" name="test_verify_no_secret_configured" time="0.000" /><testcase classname="tests.test_iteration62_agentos_sprint2.TestSignatureVerifyUnit" name="test_verify_missing_signature" time="0.000" /><testcase classname="tests.test_iteration62_agentos_sprint2.TestWebhookEndpoint" name="test_webhook_503_when_secret_blank" time="0.217" /><testcase classname="tests.test_iteration62_agentos_sprint2.TestSprint1Regression" name="test_pods_list" time="0.463" /><testcase classname="tests.test_iteration62_agentos_sprint2.TestWebhookEndpoint" name="test_webhook_400_when_missing_headers" time="0.045" /><testcase classname="tests.test_iteration62_agentos_sprint2.TestConnectorDegradation" name="test_call_delegates_to_stub_when_no_token" time="0.005" /><testcase classname="tests.test_iteration62_agentos_sprint2.TestSprint1Regression" name="test_audit_list" time="0.275" /><testcase classname="tests.test_iteration62_agentos_sprint2.TestConnectorDegradation" name="test_unsupported_op_raises" time="0.001" /><testcase classname="tests.test_iteration62_agentos_sprint2.TestWebhookEventsAdmin" name="test_admin_lists_webhook_events" time="0.323" /><testcase classname="tests.test_iteration62_agentos_sprint2.TestSprint1Regression" name="test_approvals_list_pending" time="0.102" /><testcase classname="tests.test_iteration62_agentos_sprint2.TestWebhookEventsAdmin" name="test_admin_webhook_events_requires_auth" time="0.049" /><testcase classname="tests.test_iteration62_agentos_sprint2.TestConnectorsStatus" name="test_status_shape" time="0.050" /><testcase classname="tests.test_iteration62_agentos_sprint2.TestSprint1Regression" name="test_auth_guard_on_admin_endpoints" time="0.318" /><testcase classname="tests.test_iteration62_agentos_sprint2.TestWebhookDedupe" name="test_record_event_idempotent" time="0.003" /></testsuite></testsuites>