<?xml version="1.0" encoding="utf-8"?><testsuites name="pytest tests"><testsuite name="pytest" errors="0" failures="6" skipped="2" tests="196" time="144.655" timestamp="2026-07-05T17:12:28.065570+00:00" hostname="agent-env-2ce18ae8-4fee-4027-af16-ed552e0ab7c4"><testcase classname="tests.backend_test" name="test_health" time="0.153" /><testcase classname="tests.backend_test.TestAuth" name="test_register_duplicate" time="0.330" /><testcase classname="tests.backend_test.TestAuth" name="test_login_valid" time="0.273" /><testcase classname="tests.backend_test.TestAuth" name="test_login_invalid" time="0.278" /><testcase classname="tests.backend_test.TestAuth" name="test_me_with_token" time="0.055" /><testcase classname="tests.backend_test.TestAuth" name="test_me_without_token" time="0.102" /><testcase classname="tests.backend_test.TestAuth" name="test_google_callback_missing_session_id" time="0.049" /><testcase classname="tests.backend_test.TestAuth" name="test_google_callback_invalid_session_id" time="0.161" /><testcase classname="tests.backend_test.TestCatalog" name="test_industries" time="0.053" /><testcase classname="tests.backend_test.TestCatalog" name="test_categories" time="0.047" /><testcase classname="tests.backend_test.TestCatalog" name="test_certification_paths" time="0.048" /><testcase classname="tests.backend_test.TestCourses" name="test_list_all" time="0.053" /><testcase classname="tests.backend_test.TestCourses" name="test_filter_by_difficulty" time="0.054" /><testcase classname="tests.backend_test.TestCourses" name="test_filter_by_category" time="0.104" /><testcase classname="tests.backend_test.TestCourses" name="test_search_query" time="0.063" /><testcase classname="tests.backend_test.TestCourses" name="test_get_full_course" time="0.058" /><testcase classname="tests.backend_test.TestEnrollment" name="test_enroll_requires_auth" time="0.098" /><testcase classname="tests.backend_test.TestEnrollment" name="test_enroll_first_and_repeat" time="0.114" /><testcase classname="tests.backend_test.TestEnrollment" name="test_get_enrollments" time="0.050" /><testcase classname="tests.backend_test.TestEnrollment" name="test_complete_lesson" time="0.109" /><testcase classname="tests.backend_test.TestQuizCert" name="test_submit_quiz_pass_and_certificate" time="0.133" /><testcase classname="tests.backend_test.TestQuizCert" name="test_certificates_list" time="0.047" /><testcase classname="tests.backend_test.TestQuizCert" name="test_certificate_verify_public" time="0.157" /><testcase classname="tests.backend_test.TestQuizCert" name="test_certificate_verify_not_found" time="0.050" /><testcase classname="tests.backend_test.TestQuizCert" name="test_submit_quiz_fail" time="0.439" /><testcase classname="tests.backend_test.TestDashboard" name="test_stats" time="0.049" /><testcase classname="tests.backend_test.TestAITutor" name="test_stream_tutor" time="15.199" /><testcase classname="tests.backend_test.TestIntelligence" name="test_briefing_public_returns_valid_schema" time="0.063" /><testcase classname="tests.backend_test.TestIntelligence" name="test_briefing_cache_behavior" time="0.101" /><testcase classname="tests.backend_test.TestIntelligence" name="test_briefing_force_bypasses_cache" time="0.047" /><testcase classname="tests.backend_test.TestIntelligence" name="test_course_refresh_requires_auth" time="0.140" /><testcase classname="tests.backend_test.TestIntelligence" name="test_course_refresh_unknown_slug_404" time="0.050" /><testcase classname="tests.backend_test.TestIntelligence" name="test_course_refresh_returns_schema" time="0.061" /><testcase classname="tests.backend_test.TestFreshness" name="test_list_courses_have_freshness_fields" time="0.056" /><testcase classname="tests.backend_test.TestFreshness" name="test_freshness_decreases_with_days" time="0.051" /><testcase classname="tests.backend_test.TestFreshness" name="test_single_course_has_freshness_fields" time="0.052" /><testcase classname="tests.backend_test.TestFullCourses" name="test_full_course_has_15_modules_12_quiz[agentic-ai-foundations]" time="0.050" /><testcase classname="tests.backend_test.TestFullCourses" name="test_full_course_has_15_modules_12_quiz[prompt-engineering-mastery]" time="0.053" /><testcase classname="tests.backend_test.TestFullCourses" name="test_full_course_has_15_modules_12_quiz[multi-agent-systems]" time="0.052" /><testcase classname="tests.backend_test.TestFullCourses" name="test_full_course_has_15_modules_12_quiz[rag-enterprise]" time="0.063" /><testcase classname="tests.backend_test.TestFullCourses" name="test_full_course_has_15_modules_12_quiz[ai-governance-compliance]" time="0.054" /><testcase classname="tests.backend_test.TestFullCourses" name="test_full_course_has_15_modules_12_quiz[agentic-ai-banking]" time="0.049" /><testcase classname="tests.backend_test.TestFullCourses" name="test_full_course_has_15_modules_12_quiz[agentic-ai-healthcare]" time="0.053" /><testcase classname="tests.backend_test.TestFullCourses" name="test_full_course_has_15_modules_12_quiz[agentic-ai-manufacturing]" time="0.052" /><testcase classname="tests.backend_test.TestFullCourses" name="test_full_course_has_15_modules_12_quiz[agentic-ai-retail]" time="0.050" /><testcase classname="tests.backend_test.TestFullCourses" name="test_full_course_has_15_modules_12_quiz[agentic-ai-government]" time="0.054" /><testcase classname="tests.backend_test.TestFullCourses" name="test_list_has_ten_full_courses" time="0.048" /><testcase classname="tests.backend_test.TestStripeCheckout" name="test_list_packages" time="0.048" /><testcase classname="tests.backend_test.TestStripeCheckout" name="test_create_session_requires_auth" time="0.103" /><testcase classname="tests.backend_test.TestStripeCheckout" name="test_create_session_invalid_package" time="0.049" /><testcase classname="tests.backend_test.TestStripeCheckout" name="test_create_session_practitioner_monthly" time="0.689" /><testcase classname="tests.backend_test.TestStripeCheckout" name="test_create_session_team_seats_clamped" time="0.486" /><testcase classname="tests.backend_test.TestStripeCheckout" name="test_create_session_team_seats_clamped_min" time="0.439" /><testcase classname="tests.backend_test.TestStripeCheckout" name="test_checkout_status_requires_auth" time="0.107" /><testcase classname="tests.backend_test.TestStripeCheckout" name="test_checkout_status_returns_data" time="0.342" /><testcase classname="tests.backend_test.TestStripeCheckout" name="test_checkout_status_unknown_session_404" time="0.047" /><testcase classname="tests.backend_test.TestStripeCheckout" name="test_checkout_status_forbidden_other_user" time="0.811" /><testcase classname="tests.backend_test.TestStripeCheckout" name="test_webhook_bad_signature_returns_400" time="0.108" /><testcase classname="tests.backend_test.TestStripeCheckout" name="test_create_session_missing_origin_url" time="0.055" /><testcase classname="tests.backend_test.TestStripeCheckout" name="test_payment_transaction_persisted" time="0.683" /><testcase classname="tests.backend_test.TestEnterpriseOrg" name="test_mine_returns_404_when_no_org" time="0.323" /><testcase classname="tests.backend_test.TestEnterpriseOrg" name="test_create_organization_requires_auth" time="0.131" /><testcase classname="tests.backend_test.TestEnterpriseOrg" name="test_full_org_flow" time="1.518"><failure message="assert 400 == 200&#10; +  where 400 = &lt;Response [400]&gt;.status_code">E   assert 400 == 200
     +  where 400 = &lt;Response [400]&gt;.status_code</failure></testcase><testcase classname="tests.backend_test.TestPushToCurriculum" name="test_apply_requires_auth" time="0.104" /><testcase classname="tests.backend_test.TestPushToCurriculum" name="test_apply_requires_course_slug" time="0.051" /><testcase classname="tests.backend_test.TestPushToCurriculum" name="test_apply_unknown_signal_404" time="0.096" /><testcase classname="tests.backend_test.TestPushToCurriculum" name="test_apply_unknown_course_404" time="0.097" /><testcase classname="tests.backend_test.TestPushToCurriculum" name="test_apply_success_returns_patch_and_updates_freshness" time="12.627"><failure message="AssertionError: &lt;!DOCTYPE html&gt;&#10;  &lt;!--[if lt IE 7]&gt; &lt;html class=&quot;no-js ie6 oldie&quot; lang=&quot;en-US&quot;&gt; &lt;![endif]--&gt;&#10;  &lt;!--[if IE 7]&gt;    &lt;html class=&quot;no-js ie7 oldie&quot; lang=&quot;en-US&quot;&gt; &lt;![endif]--&gt;&#10;  &lt;!--[if IE 8]&gt;    &lt;html class=&quot;no-js ie8 oldie&quot; lang=&quot;en-US&quot;&gt; &lt;![endif]--&gt;&#10;  &lt;!--[if gt IE 8]&gt;&lt;!--&gt; &lt;html class=&quot;no-js&quot; lang=&quot;en-US&quot;&gt; &lt;!--&lt;![endif]--&gt;&#10;  &lt;head&gt;&#10;  &#10;  &lt;title&gt;preview.emergentagent.com | 502: Bad gateway&lt;/title&gt;&#10;  &lt;meta charset=&quot;UTF-8&quot; /&gt;&#10;  &lt;meta http-equiv=&quot;Content-Type&quot; content=&quot;text/html; charset=UTF-8&quot; /&gt;&#10;  &lt;meta http-equiv=&quot;X-UA-Compatible&quot; content=&quot;IE=Edge&quot; /&gt;&#10;  &lt;meta name=&quot;robots&quot; content=&quot;noindex, nofollow&quot; /&gt;&#10;  &lt;meta name=&quot;viewport&quot; content=&quot;width=device-width,initial-scale=1&quot; /&gt;&#10;  &lt;link rel=&quot;stylesheet&quot; id=&quot;cf_styles-css&quot; href=&quot;/cdn-cgi/styles/main.css&quot; /&gt;&#10;  &lt;/head&gt;&#10;  &lt;body&gt;&#10;  &lt;div id=&quot;cf-wrapper&quot;&gt;&#10;      &lt;div id=&quot;cf-error-details&quot; class=&quot;p-0&quot;&gt;&#10;          &lt;header class=&quot;mx-auto pt-10 lg:pt-6 lg:px-8 w-240 lg:w-full mb-8&quot;&gt;&#10;              &lt;h1 class=&quot;inline-block sm:block sm:mb-2 font-light text-60 lg:text-4xl text-black-dark leading-tight mr-2&quot;&gt;&#10;                  &lt;span class=&quot;inline-block&quot;&gt;Bad gateway&lt;/span&gt;&#10;                  &lt;span class=&quot;code-label&quot;&gt;Error code 502&lt;/span&gt;&#10;              &lt;/h1&gt;&#10;              &lt;div&gt;&#10;                  Visit &lt;a href=&quot;https://www.cloudflare.com/5xx-error-landing?utm_source=errorcode_502&amp;utm_campaign=enterprise-ai-learn-2.cluster-5.preview.emergentcf.cloud&quot; target=&quot;_blank&quot; rel=&quot;noopener noreferrer&quot;&gt;cloudflare.com&lt;/a&gt; for more information.&#10;              &lt;/div&gt;&#10;              &lt;div class=&quot;mt-3&quot;&gt;2026-07-05 17:13:06 UTC&lt;/div&gt;&#10;          &lt;/header&gt;&#10;          &lt;div class=&quot;my-8 bg-gradient-gray&quot;&gt;&#10;              &lt;div class=&quot;w-240 lg:w-full mx-auto&quot;&gt;&#10;                  &lt;div class=&quot;clearfix md:px-8&quot;&gt;&#10;                      &lt;div id=&quot;cf-browser-status&quot; class=&quot; relative w-1/3 md:w-full py-15 md:p-0 md:py-8 md:text-left md:border-solid md:border-0 md:border-b md:border-gray-400 overflow-hidden float-left md:float-none text-center&quot;&gt;&#10;    &lt;div class=&quot;relative mb-10 md:m-0&quot;&gt;&#10;      &#10;      &lt;span class=&quot;cf-icon-browser block md:hidden h-20 bg-center bg-no-repeat&quot;&gt;&lt;/span&gt;&#10;      &lt;span class=&quot;cf-icon-ok w-12 h-12 absolute left-1/2 md:left-auto md:right-0 md:top-0 -ml-6 -bottom-4&quot;&gt;&lt;/span&gt;&#10;      &#10;    &lt;/div&gt;&#10;    &lt;span class=&quot;md:block w-full truncate&quot;&gt;You&lt;/span&gt;&#10;    &lt;h3 class=&quot;md:inline-block mt-3 md:mt-0 text-2xl text-gray-600 font-light leading-1.3&quot;&gt;&#10;    &#10;      Browser&#10;    &#10;    &lt;/h3&gt;&#10;    &#10;    &lt;span class=&quot;leading-1.3 text-2xl text-green-success&quot;&gt;Working&lt;/span&gt;&#10;    &#10;  &lt;/div&gt;&#10;                      &lt;div id=&quot;cf-cloudflare-status&quot; class=&quot; relative w-1/3 md:w-full py-15 md:p-0 md:py-8 md:text-left md:border-solid md:border-0 md:border-b md:border-gray-400 overflow-hidden float-left md:float-none text-center&quot;&gt;&#10;    &lt;div class=&quot;relative mb-10 md:m-0&quot;&gt;&#10;      &lt;a href=&quot;https://www.cloudflare.com/5xx-error-landing?utm_source=errorcode_502&amp;#38;utm_campaign=enterprise-ai-learn-2.cluster-5.preview.emergentcf.cloud&quot; target=&quot;_blank&quot; rel=&quot;noopener noreferrer&quot;&gt;&#10;      &lt;span class=&quot;cf-icon-cloud block md:hidden h-20 bg-center bg-no-repeat&quot;&gt;&lt;/span&gt;&#10;      &lt;span class=&quot;cf-icon-ok w-12 h-12 absolute left-1/2 md:left-auto md:right-0 md:top-0 -ml-6 -bottom-4&quot;&gt;&lt;/span&gt;&#10;      &lt;/a&gt;&#10;    &lt;/div&gt;&#10;    &lt;span class=&quot;md:block w-full truncate&quot;&gt;Chicago&lt;/span&gt;&#10;    &lt;h3 class=&quot;md:inline-block mt-3 md:mt-0 text-2xl text-gray-600 font-light leading-1.3&quot;&gt;&#10;    &lt;a href=&quot;https://www.cloudflare.com/5xx-error-landing?utm_source=errorcode_502&amp;utm_campaign=enterprise-ai-learn-2.cluster-5.preview.emergentcf.cloud&quot; target=&quot;_blank&quot; rel=&quot;noopener noreferrer&quot;&gt;&#10;      Cloudflare&#10;    &lt;/a&gt;&#10;    &lt;/h3&gt;&#10;    &#10;    &lt;span class=&quot;leading-1.3 text-2xl text-green-success&quot;&gt;Working&lt;/span&gt;&#10;    &#10;  &lt;/div&gt;&#10;                      &lt;div id=&quot;cf-host-status&quot; class=&quot;cf-error-source relative w-1/3 md:w-full py-15 md:p-0 md:py-8 md:text-left md:border-solid md:border-0 md:border-b md:border-gray-400 overflow-hidden float-left md:float-none text-center&quot;&gt;&#10;    &lt;div class=&quot;relative mb-10 md:m-0&quot;&gt;&#10;      &#10;      &lt;span class=&quot;cf-icon-server block md:hidden h-20 bg-center bg-no-repeat&quot;&gt;&lt;/span&gt;&#10;      &lt;span class=&quot;cf-icon-error w-12 h-12 absolute left-1/2 md:left-auto md:right-0 md:top-0 -ml-6 -bottom-4&quot;&gt;&lt;/span&gt;&#10;      &#10;    &lt;/div&gt;&#10;    &lt;span class=&quot;md:block w-full truncate&quot;&gt;enterprise-ai-learn-2.cluster-5.preview.emergentcf.cloud&lt;/span&gt;&#10;    &lt;h3 class=&quot;md:inline-block mt-3 md:mt-0 text-2xl text-gray-600 font-light leading-1.3&quot;&gt;&#10;    &#10;      Host&#10;    &#10;    &lt;/h3&gt;&#10;    &#10;    &lt;span class=&quot;leading-1.3 text-2xl text-red-error&quot;&gt;Error&lt;/span&gt;&#10;    &#10;  &lt;/div&gt;&#10;                  &lt;/div&gt;&#10;              &lt;/div&gt;&#10;          &lt;/div&gt;&#10;  &#10;          &lt;div class=&quot;w-240 lg:w-full mx-auto mb-8 lg:px-8&quot;&gt;&#10;              &lt;div class=&quot;clearfix&quot;&gt;&#10;                  &lt;div class=&quot;w-1/2 md:w-full float-left pr-6 md:pb-10 md:pr-0 leading-relaxed&quot;&gt;&#10;                      &lt;h2 class=&quot;text-3xl font-normal leading-1.3 mb-4&quot;&gt;What happened?&lt;/h2&gt;&#10;                      &lt;p&gt;The web server reported a bad gateway error.&lt;/p&gt;&#10;                  &lt;/div&gt;&#10;                  &lt;div class=&quot;w-1/2 md:w-full float-left leading-relaxed&quot;&gt;&#10;                      &lt;h2 class=&quot;text-3xl font-normal leading-1.3 mb-4&quot;&gt;What can I do?&lt;/h2&gt;&#10;                      &lt;p class=&quot;mb-6&quot;&gt;Please try again in a few minutes.&lt;/p&gt;&#10;                  &lt;/div&gt;&#10;              &lt;/div&gt;&#10;          &lt;/div&gt;&#10;  &#10;          &lt;div class=&quot;cf-error-footer cf-wrapper w-240 lg:w-full py-10 sm:py-4 sm:px-8 mx-auto text-center sm:text-left border-solid border-0 border-t border-gray-300&quot;&gt;&#10;      &lt;p class=&quot;text-13&quot;&gt;&#10;        &lt;span class=&quot;cf-footer-item sm:block sm:mb-1&quot;&gt;Cloudflare Ray ID: &lt;strong class=&quot;font-semibold&quot;&gt;a167ff4a9e5ae7f9&lt;/strong&gt;&lt;/span&gt;&#10;        &lt;span class=&quot;cf-footer-separator sm:hidden&quot;&gt;&amp;bull;&lt;/span&gt;&#10;        &lt;span id=&quot;cf-footer-item-ip&quot; class=&quot;cf-footer-item hidden sm:block sm:mb-1&quot;&gt;&#10;          Your IP:&#10;          &lt;button type=&quot;button&quot; id=&quot;cf-footer-ip-reveal&quot; class=&quot;cf-footer-ip-reveal-btn&quot;&gt;Click to reveal&lt;/button&gt;&#10;          &lt;span class=&quot;hidden&quot; id=&quot;cf-footer-ip&quot;&gt;34.16.56.64&lt;/span&gt;&#10;          &lt;span class=&quot;cf-footer-separator sm:hidden&quot;&gt;&amp;bull;&lt;/span&gt;&#10;        &lt;/span&gt;&#10;        &lt;span class=&quot;cf-footer-item sm:block sm:mb-1&quot;&gt;&lt;span&gt;Performance &amp;amp; security by&lt;/span&gt; &lt;a rel=&quot;noopener noreferrer&quot; href=&quot;https://www.cloudflare.com/5xx-error-landing?utm_source=errorcode_502&amp;#38;utm_campaign=enterprise-ai-learn-2.cluster-5.preview.emergentcf.cloud&quot; id=&quot;brand_link&quot; target=&quot;_blank&quot;&gt;Cloudflare&lt;/a&gt;&lt;/span&gt;&#10;        &#10;      &lt;/p&gt;&#10;      &lt;script&gt;(function(){function d(){var b=a.getElementById(&quot;cf-footer-item-ip&quot;),c=a.getElementById(&quot;cf-footer-ip-reveal&quot;);b&amp;&amp;&quot;classList&quot;in b&amp;&amp;(b.classList.remove(&quot;hidden&quot;),c.addEventListener(&quot;click&quot;,function(){c.classList.add(&quot;hidden&quot;);a.getElementById(&quot;cf-footer-ip&quot;).classList.remove(&quot;hidden&quot;)}))}var a=document;document.addEventListener&amp;&amp;a.addEventListener(&quot;DOMContentLoaded&quot;,d)})();&lt;/script&gt;&#10;    &lt;/div&gt;&lt;!-- /.error-footer --&gt;&#10;  &#10;      &lt;/div&gt;&#10;  &lt;/div&gt;&#10;  &lt;script&gt;(function(){function c(){var b=a.contentDocument||a.contentWindow.document;if(b){var d=b.createElement('script');d.innerHTML=&quot;window.__CF$cv$params={r:'a167ff4a8ab8e7f9',t:'MTc4MzI3MTU3NA=='};var a=document.createElement('script');a.src='/cdn-cgi/challenge-platform/scripts/jsd/main.js';document.getElementsByTagName('head')[0].appendChild(a);&quot;;b.getElementsByTagName('head')[0].appendChild(d)}}if(document.body){var a=document.createElement('iframe');a.height=1;a.width=1;a.style.position='absolute';a.style.top=0;a.style.left=0;a.style.border='none';a.style.visibility='hidden';document.body.appendChild(a);if('loading'!==document.readyState)c();else if(window.addEventListener)document.addEventListener('DOMContentLoaded',c);else{var e=document.onreadystatechange||function(){};document.onreadystatechange=function(b){e(b);'loading'!==document.readyState&amp;&amp;(document.onreadystatechange=e,c())}}}})();&lt;/script&gt;&lt;/body&gt;&#10;  &lt;/html&gt;&#10;assert 502 == 200&#10; +  where 502 = &lt;Response [502]&gt;.status_code">E   AssertionError: &lt;!DOCTYPE html&gt;
      &lt;!--[if lt IE 7]&gt; &lt;html class="no-js ie6 oldie" lang="en-US"&gt; &lt;![endif]--&gt;
      &lt;!--[if IE 7]&gt;    &lt;html class="no-js ie7 oldie" lang="en-US"&gt; &lt;![endif]--&gt;
      &lt;!--[if IE 8]&gt;    &lt;html class="no-js ie8 oldie" lang="en-US"&gt; &lt;![endif]--&gt;
      &lt;!--[if gt IE 8]&gt;&lt;!--&gt; &lt;html class="no-js" lang="en-US"&gt; &lt;!--&lt;![endif]--&gt;
      &lt;head&gt;
      
      &lt;title&gt;preview.emergentagent.com | 502: Bad gateway&lt;/title&gt;
      &lt;meta charset="UTF-8" /&gt;
      &lt;meta http-equiv="Content-Type" content="text/html; charset=UTF-8" /&gt;
      &lt;meta http-equiv="X-UA-Compatible" content="IE=Edge" /&gt;
      &lt;meta name="robots" content="noindex, nofollow" /&gt;
      &lt;meta name="viewport" content="width=device-width,initial-scale=1" /&gt;
      &lt;link rel="stylesheet" id="cf_styles-css" href="/cdn-cgi/styles/main.css" /&gt;
      &lt;/head&gt;
      &lt;body&gt;
      &lt;div id="cf-wrapper"&gt;
          &lt;div id="cf-error-details" class="p-0"&gt;
              &lt;header class="mx-auto pt-10 lg:pt-6 lg:px-8 w-240 lg:w-full mb-8"&gt;
                  &lt;h1 class="inline-block sm:block sm:mb-2 font-light text-60 lg:text-4xl text-black-dark leading-tight mr-2"&gt;
                      &lt;span class="inline-block"&gt;Bad gateway&lt;/span&gt;
                      &lt;span class="code-label"&gt;Error code 502&lt;/span&gt;
                  &lt;/h1&gt;
                  &lt;div&gt;
                      Visit &lt;a href="https://www.cloudflare.com/5xx-error-landing?utm_source=errorcode_502&amp;utm_campaign=enterprise-ai-learn-2.cluster-5.preview.emergentcf.cloud" target="_blank" rel="noopener noreferrer"&gt;cloudflare.com&lt;/a&gt; for more information.
                  &lt;/div&gt;
                  &lt;div class="mt-3"&gt;2026-07-05 17:13:06 UTC&lt;/div&gt;
              &lt;/header&gt;
              &lt;div class="my-8 bg-gradient-gray"&gt;
                  &lt;div class="w-240 lg:w-full mx-auto"&gt;
                      &lt;div class="clearfix md:px-8"&gt;
                          &lt;div id="cf-browser-status" class=" relative w-1/3 md:w-full py-15 md:p-0 md:py-8 md:text-left md:border-solid md:border-0 md:border-b md:border-gray-400 overflow-hidden float-left md:float-none text-center"&gt;
        &lt;div class="relative mb-10 md:m-0"&gt;
          
          &lt;span class="cf-icon-browser block md:hidden h-20 bg-center bg-no-repeat"&gt;&lt;/span&gt;
          &lt;span class="cf-icon-ok w-12 h-12 absolute left-1/2 md:left-auto md:right-0 md:top-0 -ml-6 -bottom-4"&gt;&lt;/span&gt;
          
        &lt;/div&gt;
        &lt;span class="md:block w-full truncate"&gt;You&lt;/span&gt;
        &lt;h3 class="md:inline-block mt-3 md:mt-0 text-2xl text-gray-600 font-light leading-1.3"&gt;
        
          Browser
        
        &lt;/h3&gt;
        
        &lt;span class="leading-1.3 text-2xl text-green-success"&gt;Working&lt;/span&gt;
        
      &lt;/div&gt;
                          &lt;div id="cf-cloudflare-status" class=" relative w-1/3 md:w-full py-15 md:p-0 md:py-8 md:text-left md:border-solid md:border-0 md:border-b md:border-gray-400 overflow-hidden float-left md:float-none text-center"&gt;
        &lt;div class="relative mb-10 md:m-0"&gt;
          &lt;a href="https://www.cloudflare.com/5xx-error-landing?utm_source=errorcode_502&amp;#38;utm_campaign=enterprise-ai-learn-2.cluster-5.preview.emergentcf.cloud" target="_blank" rel="noopener noreferrer"&gt;
          &lt;span class="cf-icon-cloud block md:hidden h-20 bg-center bg-no-repeat"&gt;&lt;/span&gt;
          &lt;span class="cf-icon-ok w-12 h-12 absolute left-1/2 md:left-auto md:right-0 md:top-0 -ml-6 -bottom-4"&gt;&lt;/span&gt;
          &lt;/a&gt;
        &lt;/div&gt;
        &lt;span class="md:block w-full truncate"&gt;Chicago&lt;/span&gt;
        &lt;h3 class="md:inline-block mt-3 md:mt-0 text-2xl text-gray-600 font-light leading-1.3"&gt;
        &lt;a href="https://www.cloudflare.com/5xx-error-landing?utm_source=errorcode_502&amp;utm_campaign=enterprise-ai-learn-2.cluster-5.preview.emergentcf.cloud" target="_blank" rel="noopener noreferrer"&gt;
          Cloudflare
        &lt;/a&gt;
        &lt;/h3&gt;
        
        &lt;span class="leading-1.3 text-2xl text-green-success"&gt;Working&lt;/span&gt;
        
      &lt;/div&gt;
                          &lt;div id="cf-host-status" class="cf-error-source relative w-1/3 md:w-full py-15 md:p-0 md:py-8 md:text-left md:border-solid md:border-0 md:border-b md:border-gray-400 overflow-hidden float-left md:float-none text-center"&gt;
        &lt;div class="relative mb-10 md:m-0"&gt;
          
          &lt;span class="cf-icon-server block md:hidden h-20 bg-center bg-no-repeat"&gt;&lt;/span&gt;
          &lt;span class="cf-icon-error w-12 h-12 absolute left-1/2 md:left-auto md:right-0 md:top-0 -ml-6 -bottom-4"&gt;&lt;/span&gt;
          
        &lt;/div&gt;
        &lt;span class="md:block w-full truncate"&gt;enterprise-ai-learn-2.cluster-5.preview.emergentcf.cloud&lt;/span&gt;
        &lt;h3 class="md:inline-block mt-3 md:mt-0 text-2xl text-gray-600 font-light leading-1.3"&gt;
        
          Host
        
        &lt;/h3&gt;
        
        &lt;span class="leading-1.3 text-2xl text-red-error"&gt;Error&lt;/span&gt;
        
      &lt;/div&gt;
                      &lt;/div&gt;
                  &lt;/div&gt;
              &lt;/div&gt;
      
              &lt;div class="w-240 lg:w-full mx-auto mb-8 lg:px-8"&gt;
                  &lt;div class="clearfix"&gt;
                      &lt;div class="w-1/2 md:w-full float-left pr-6 md:pb-10 md:pr-0 leading-relaxed"&gt;
                          &lt;h2 class="text-3xl font-normal leading-1.3 mb-4"&gt;What happened?&lt;/h2&gt;
                          &lt;p&gt;The web server reported a bad gateway error.&lt;/p&gt;
                      &lt;/div&gt;
                      &lt;div class="w-1/2 md:w-full float-left leading-relaxed"&gt;
                          &lt;h2 class="text-3xl font-normal leading-1.3 mb-4"&gt;What can I do?&lt;/h2&gt;
                          &lt;p class="mb-6"&gt;Please try again in a few minutes.&lt;/p&gt;
                      &lt;/div&gt;
                  &lt;/div&gt;
              &lt;/div&gt;
      
              &lt;div class="cf-error-footer cf-wrapper w-240 lg:w-full py-10 sm:py-4 sm:px-8 mx-auto text-center sm:text-left border-solid border-0 border-t border-gray-300"&gt;
          &lt;p class="text-13"&gt;
            &lt;span class="cf-footer-item sm:block sm:mb-1"&gt;Cloudflare Ray ID: &lt;strong class="font-semibold"&gt;a167ff4a9e5ae7f9&lt;/strong&gt;&lt;/span&gt;
            &lt;span class="cf-footer-separator sm:hidden"&gt;&amp;bull;&lt;/span&gt;
            &lt;span id="cf-footer-item-ip" class="cf-footer-item hidden sm:block sm:mb-1"&gt;
              Your IP:
              &lt;button type="button" id="cf-footer-ip-reveal" class="cf-footer-ip-reveal-btn"&gt;Click to reveal&lt;/button&gt;
              &lt;span class="hidden" id="cf-footer-ip"&gt;34.16.56.64&lt;/span&gt;
              &lt;span class="cf-footer-separator sm:hidden"&gt;&amp;bull;&lt;/span&gt;
            &lt;/span&gt;
            &lt;span class="cf-footer-item sm:block sm:mb-1"&gt;&lt;span&gt;Performance &amp;amp; security by&lt;/span&gt; &lt;a rel="noopener noreferrer" href="https://www.cloudflare.com/5xx-error-landing?utm_source=errorcode_502&amp;#38;utm_campaign=enterprise-ai-learn-2.cluster-5.preview.emergentcf.cloud" id="brand_link" target="_blank"&gt;Cloudflare&lt;/a&gt;&lt;/span&gt;
            
          &lt;/p&gt;
          &lt;script&gt;(function(){function d(){var b=a.getElementById("cf-footer-item-ip"),c=a.getElementById("cf-footer-ip-reveal");b&amp;&amp;"classList"in b&amp;&amp;(b.classList.remove("hidden"),c.addEventListener("click",function(){c.classList.add("hidden");a.getElementById("cf-footer-ip").classList.remove("hidden")}))}var a=document;document.addEventListener&amp;&amp;a.addEventListener("DOMContentLoaded",d)})();&lt;/script&gt;
        &lt;/div&gt;&lt;!-- /.error-footer --&gt;
      
          &lt;/div&gt;
      &lt;/div&gt;
      &lt;script&gt;(function(){function c(){var b=a.contentDocument||a.contentWindow.document;if(b){var d=b.createElement('script');d.innerHTML="window.__CF$cv$params={r:'a167ff4a8ab8e7f9',t:'MTc4MzI3MTU3NA=='};var a=document.createElement('script');a.src='/cdn-cgi/challenge-platform/scripts/jsd/main.js';document.getElementsByTagName('head')[0].appendChild(a);";b.getElementsByTagName('head')[0].appendChild(d)}}if(document.body){var a=document.createElement('iframe');a.height=1;a.width=1;a.style.position='absolute';a.style.top=0;a.style.left=0;a.style.border='none';a.style.visibility='hidden';document.body.appendChild(a);if('loading'!==document.readyState)c();else if(window.addEventListener)document.addEventListener('DOMContentLoaded',c);else{var e=document.onreadystatechange||function(){};document.onreadystatechange=function(b){e(b);'loading'!==document.readyState&amp;&amp;(document.onreadystatechange=e,c())}}}})();&lt;/script&gt;&lt;/body&gt;
      &lt;/html&gt;
    assert 502 == 200
     +  where 502 = &lt;Response [502]&gt;.status_code</failure></testcase><testcase classname="tests.backend_test.TestPushToCurriculum" name="test_list_patches" time="0.065" /><testcase classname="tests.backend_test.TestPushToCurriculum" name="test_list_patches_filter_by_course" time="0.054" /><testcase classname="tests.backend_test.TestPushToCurriculum" name="test_list_patches_filter_by_status" time="0.051" /><testcase classname="tests.backend_test.TestPushToCurriculum" name="test_decide_patch_approve" time="0.000"><skipped type="pytest.skip" message="no patch id from previous test">/app/backend/tests/backend_test.py:826: no patch id from previous test</skipped></testcase><testcase classname="tests.backend_test.TestPushToCurriculum" name="test_decide_patch_invalid_decision" time="0.000"><skipped type="pytest.skip" message="no patch id">/app/backend/tests/backend_test.py:835: no patch id</skipped></testcase><testcase classname="tests.backend_test.TestPushToCurriculum" name="test_decide_patch_unknown" time="0.050" /><testcase classname="tests.backend_test.TestRouterRefactorSanity" name="test_all_router_endpoints_respond" time="1.026" /><testcase classname="tests.test_iteration11" name="test_security_headers_on_api[/api/courses]" time="0.176" /><testcase classname="tests.test_iteration11" name="test_security_headers_on_api[/api/intelligence/briefing]" time="0.100" /><testcase classname="tests.test_iteration11" name="test_courses_seeded_with_freshness" time="0.099" /><testcase classname="tests.test_iteration11" name="test_assessment_questions_bank_size" time="0.113" /><testcase classname="tests.test_iteration11" name="test_recommendation_next_best_cache" time="4.205" /><testcase classname="tests.test_iteration11" name="test_enterprise_create_org_returns_hex_id" time="0.485" /><testcase classname="tests.test_iteration11" name="test_enterprise_create_invite_returns_hex_id" time="0.433" /><testcase classname="tests.test_iteration11" name="test_passport_me_returns_200" time="0.388" /><testcase classname="tests.test_iteration11" name="test_passport_public_by_slug" time="0.502" /><testcase classname="tests.test_iteration14.TestAuthCookieFlags" name="test_register_sets_refresh_cookie_with_correct_flags" time="0.333" /><testcase classname="tests.test_iteration14.TestAuthCookieFlags" name="test_login_sets_refresh_cookie" time="0.674" /><testcase classname="tests.test_iteration14.TestRefreshEndpoint" name="test_refresh_without_cookie_returns_401" time="0.096" /><testcase classname="tests.test_iteration14.TestRefreshEndpoint" name="test_refresh_with_bogus_cookie_returns_401_and_clears" time="0.129" /><testcase classname="tests.test_iteration14.TestRefreshEndpoint" name="test_refresh_with_valid_cookie_rotates_and_returns_new_token" time="1.487" /><testcase classname="tests.test_iteration14.TestLogout" name="test_logout_clears_cookie" time="0.467" /><testcase classname="tests.test_iteration14.TestTokenClaims" name="test_access_token_has_type_access_and_15min_expiry" time="0.392" /><testcase classname="tests.test_iteration14.TestTokenClaims" name="test_refresh_token_has_type_refresh_and_7day_expiry" time="0.404" /><testcase classname="tests.test_iteration14.TestTokenClaims" name="test_legacy_create_token_alias_still_accepted_by_me" time="0.510" /><testcase classname="tests.test_iteration14.TestGoogleCallback" name="test_missing_session_id_400" time="0.161" /><testcase classname="tests.test_iteration14.TestGoogleCallback" name="test_invalid_session_id_401_not_500" time="0.214" /><testcase classname="tests.test_iteration14.TestAssessmentSessionRefactor" name="test_adaptive_onboarding_mode" time="0.511" /><testcase classname="tests.test_iteration14.TestAssessmentSessionRefactor" name="test_count_parameter_honored" time="0.124" /><testcase classname="tests.test_iteration14.TestAssessmentSessionRefactor" name="test_seed_reproduces_paper" time="0.227" /><testcase classname="tests.test_iteration14.TestQuizSubmitRefactor" name="test_pass_creates_cert_and_no_duplicate_on_resubmit" time="0.663" /><testcase classname="tests.test_iteration14.TestQuizSubmitRefactor" name="test_fail_returns_no_certificate" time="0.621" /><testcase classname="tests.test_iteration14.TestQuizSubmitRefactor" name="test_perm_shuffled_indices_decode_correctly" time="0.637" /><testcase classname="tests.test_iteration14.TestEnterpriseDashboardRefactor" name="test_dashboard_shape_unchanged" time="0.700" /><testcase classname="tests.test_iteration14.TestMentorRefactor" name="test_mentor_chat_streams_and_persists_session" time="7.161" /><testcase classname="tests.test_iteration14.TestPassportRefactor" name="test_passport_me_shape" time="0.438" /><testcase classname="tests.test_iteration14.TestPassportRefactor" name="test_passport_public_by_slug" time="0.508" /><testcase classname="tests.test_iteration14.TestCertPdfBrandTag" name="test_cert_pdf_returns_pdf" time="0.944" /><testcase classname="tests.test_iteration14.TestCertPdfBrandTag" name="test_cert_pdf_template_uses_independent_issuer_tag" time="0.291" /><testcase classname="tests.test_iteration15.TestFoundingMember" name="test_register_returns_founding_fields" time="0.334" /><testcase classname="tests.test_iteration15.TestFoundingMember" name="test_founding_idempotent_across_refresh_and_me" time="0.544" /><testcase classname="tests.test_iteration15.TestFoundingMember" name="test_founding_first_course_lock" time="0.736" /><testcase classname="tests.test_iteration15.TestFoundingMember" name="test_founding_cap_logic_via_code_inspection" time="0.004" /><testcase classname="tests.test_iteration15.TestSuperAdminOrgs" name="test_create_org_with_admin_and_domain_derivation" time="0.660" /><testcase classname="tests.test_iteration15.TestSuperAdminOrgs" name="test_list_orgs_contains_new_org" time="0.137" /><testcase classname="tests.test_iteration15.TestSuperAdminOrgs" name="test_admin_endpoints_require_super_admin" time="0.582" /><testcase classname="tests.test_iteration15.TestSuperAdminOrgs" name="test_admin_endpoints_require_auth" time="0.208" /><testcase classname="tests.test_iteration15.TestSuperAdminOrgs" name="test_list_users_paginated" time="0.107" /><testcase classname="tests.test_iteration15.TestSuperAdminOrgs" name="test_reset_user_password" time="1.405" /><testcase classname="tests.test_iteration15.TestSuperAdminOrgs" name="test_reset_password_unknown_user" time="0.097" /><testcase classname="tests.test_iteration15.TestEnterpriseAdminCreateUser" name="test_admin_creates_user_with_matching_domain" time="0.095"><failure message="AssertionError: {&quot;detail&quot;:[{&quot;type&quot;:&quot;value_error&quot;,&quot;loc&quot;:[&quot;body&quot;,&quot;email&quot;],&quot;msg&quot;:&quot;value is not a valid email address: The part after the @-sign is a special-use or reserved name that cannot be used with email.&quot;,&quot;input&quot;:&quot;cto+824640@acme-824640.test&quot;,&quot;ctx&quot;:{&quot;reason&quot;:&quot;The part after the @-sign is a special-use or reserved name that cannot be used with email.&quot;}}]}&#10;assert 422 == 200&#10; +  where 422 = &lt;Response [422]&gt;.status_code">E   AssertionError: {"detail":[{"type":"value_error","loc":["body","email"],"msg":"value is not a valid email address: The part after the @-sign is a special-use or reserved name that cannot be used with email.","input":"cto+824640@acme-824640.test","ctx":{"reason":"The part after the @-sign is a special-use or reserved name that cannot be used with email."}}]}
    assert 422 == 200
     +  where 422 = &lt;Response [422]&gt;.status_code</failure></testcase><testcase classname="tests.test_iteration15.TestEnterpriseAdminCreateUser" name="test_admin_create_user_mismatched_domain_rejected" time="0.135"><failure message="AssertionError: {&quot;detail&quot;:[{&quot;type&quot;:&quot;value_error&quot;,&quot;loc&quot;:[&quot;body&quot;,&quot;email&quot;],&quot;msg&quot;:&quot;value is not a valid email address: The part after the @-sign is a special-use or reserved name that cannot be used with email.&quot;,&quot;input&quot;:&quot;cto+824640@acme-824640.test&quot;,&quot;ctx&quot;:{&quot;reason&quot;:&quot;The part after the @-sign is a special-use or reserved name that cannot be used with email.&quot;}}]}&#10;assert 422 == 200&#10; +  where 422 = &lt;Response [422]&gt;.status_code">E   AssertionError: {"detail":[{"type":"value_error","loc":["body","email"],"msg":"value is not a valid email address: The part after the @-sign is a special-use or reserved name that cannot be used with email.","input":"cto+824640@acme-824640.test","ctx":{"reason":"The part after the @-sign is a special-use or reserved name that cannot be used with email."}}]}
    assert 422 == 200
     +  where 422 = &lt;Response [422]&gt;.status_code</failure></testcase><testcase classname="tests.test_iteration15.TestEnterpriseAdminCreateUser" name="test_admin_create_user_requires_valid_fields" time="0.101"><failure message="AssertionError: {&quot;detail&quot;:[{&quot;type&quot;:&quot;value_error&quot;,&quot;loc&quot;:[&quot;body&quot;,&quot;email&quot;],&quot;msg&quot;:&quot;value is not a valid email address: The part after the @-sign is a special-use or reserved name that cannot be used with email.&quot;,&quot;input&quot;:&quot;cto+824640@acme-824640.test&quot;,&quot;ctx&quot;:{&quot;reason&quot;:&quot;The part after the @-sign is a special-use or reserved name that cannot be used with email.&quot;}}]}&#10;assert 422 == 200&#10; +  where 422 = &lt;Response [422]&gt;.status_code">E   AssertionError: {"detail":[{"type":"value_error","loc":["body","email"],"msg":"value is not a valid email address: The part after the @-sign is a special-use or reserved name that cannot be used with email.","input":"cto+824640@acme-824640.test","ctx":{"reason":"The part after the @-sign is a special-use or reserved name that cannot be used with email."}}]}
    assert 422 == 200
     +  where 422 = &lt;Response [422]&gt;.status_code</failure></testcase><testcase classname="tests.test_iteration15.TestSuperAdminDeleteOrg" name="test_delete_org_cascades_and_clears_user_org" time="0.348" /><testcase classname="tests.test_iteration15.TestSuperAdminDeleteOrg" name="test_delete_unknown_org_returns_404" time="0.117" /><testcase classname="tests.test_iteration15.TestSampleCertificate" name="test_verify_sample_cert" time="0.097" /><testcase classname="tests.test_iteration15.TestSampleCertificate" name="test_sample_cert_pdf" time="0.285" /><testcase classname="tests.test_iteration16_analytics.TestPlatformAnalytics" name="test_shape_and_defaults_30d" time="0.451" /><testcase classname="tests.test_iteration16_analytics.TestPlatformAnalytics" name="test_days_7_returns_len_7" time="0.125" /><testcase classname="tests.test_iteration16_analytics.TestPlatformAnalytics" name="test_days_90_returns_len_90" time="0.120" /><testcase classname="tests.test_iteration16_analytics.TestPlatformAnalytics" name="test_days_clamp_below_7" time="0.120" /><testcase classname="tests.test_iteration16_analytics.TestPlatformAnalytics" name="test_days_clamp_above_90" time="0.126" /><testcase classname="tests.test_iteration16_analytics.TestPlatformAnalytics" name="test_no_token_returns_401_or_403" time="0.093" /><testcase classname="tests.test_iteration16_analytics.TestPlatformAnalytics" name="test_learner_token_returns_403_super_admin_only" time="0.419" /><testcase classname="tests.test_iteration16_analytics.TestOrgAnalytics" name="test_shape_as_org_admin" time="0.804" /><testcase classname="tests.test_iteration16_analytics.TestOrgAnalytics" name="test_learner_in_no_org_returns_404" time="0.099" /><testcase classname="tests.test_iteration16_analytics.TestOrgAnalytics" name="test_non_admin_org_member_returns_403" time="0.858" /><testcase classname="tests.test_iteration16_analytics.TestOrgAnalytics" name="test_no_token_returns_401_or_403" time="0.103" /><testcase classname="tests.test_iteration5.TestAssessmentSession" name="test_session_returns_questions_shape" time="0.408" /><testcase classname="tests.test_iteration5.TestAssessmentSession" name="test_session_randomization" time="0.106" /><testcase classname="tests.test_iteration5.TestAssessmentSubmitAndCert" name="test_submit_pass_and_no_duplicate_cert" time="0.292" /><testcase classname="tests.test_iteration5.TestAssessmentSubmitAndCert" name="test_certificates_list_contains_cert" time="0.056" /><testcase classname="tests.test_iteration5.TestAssessmentSubmitAndCert" name="test_attempts_hides_answers" time="0.055" /><testcase classname="tests.test_iteration5.TestAssessmentSubmitAndCert" name="test_certificate_qr_svg" time="0.067" /><testcase classname="tests.test_iteration5.TestAssessmentSubmitAndCert" name="test_certificate_qr_not_found" time="0.056" /><testcase classname="tests.test_iteration5.TestMentor" name="test_chat_sse_creates_session" time="9.165" /><testcase classname="tests.test_iteration5.TestMentor" name="test_list_sessions_contains" time="0.055" /><testcase classname="tests.test_iteration5.TestMentor" name="test_get_session_messages" time="0.055" /><testcase classname="tests.test_iteration5.TestMentor" name="test_chat_continuity_with_session_id" time="9.103" /><testcase classname="tests.test_iteration5.TestMentor" name="test_delete_session_and_404" time="0.115" /><testcase classname="tests.test_iteration5.TestMentor" name="test_mentor_requires_auth" time="0.140" /><testcase classname="tests.test_iteration5.TestRecommendations" name="test_recommendations_list" time="0.057" /><testcase classname="tests.test_iteration5.TestRecommendations" name="test_next_best_and_cache" time="6.589" /><testcase classname="tests.test_iteration5.TestRegression" name="test_courses_count" time="0.058" /><testcase classname="tests.test_iteration5.TestRegression" name="test_intelligence_signals" time="0.057" /><testcase classname="tests.test_iteration5.TestRegression" name="test_enterprise_dashboard_requires_auth" time="0.205" /><testcase classname="tests.test_iteration6.TestPaths" name="test_list_paths" time="0.119" /><testcase classname="tests.test_iteration6.TestPaths" name="test_get_path_detail" time="0.066" /><testcase classname="tests.test_iteration6.TestPaths" name="test_path_not_found" time="0.050" /><testcase classname="tests.test_iteration6.TestPaths" name="test_enroll_path_and_idempotency" time="0.496" /><testcase classname="tests.test_iteration6.TestPassport" name="test_me_fresh_learner" time="0.352" /><testcase classname="tests.test_iteration6.TestPassport" name="test_public_passport_no_auth" time="0.109" /><testcase classname="tests.test_iteration6.TestPassport" name="test_certificate_lifts_credential_level" time="0.236" /><testcase classname="tests.test_iteration6.TestAdaptive" name="test_onboarding_mode_new_learner" time="0.364" /><testcase classname="tests.test_iteration6.TestAdaptive" name="test_reinforce_after_fail" time="0.183" /><testcase classname="tests.test_iteration6.TestAdaptive" name="test_escalate_after_pass" time="0.060" /><testcase classname="tests.test_iteration6.TestPatches" name="test_seed_and_decide_patch" time="14.744" /><testcase classname="tests.test_iteration6.TestPatches" name="test_decide_invalid_id" time="0.059" /><testcase classname="tests.test_iteration6.TestPatches" name="test_decide_invalid_value" time="0.062" /><testcase classname="tests.test_iteration6.TestSeats" name="test_preview_checkout" time="0.399" /><testcase classname="tests.test_iteration6.TestSeats" name="test_preview_credit" time="0.055" /><testcase classname="tests.test_iteration6.TestSeats" name="test_preview_noop" time="0.052" /><testcase classname="tests.test_iteration6.TestSeats" name="test_increase_seats_returns_checkout" time="0.490" /><testcase classname="tests.test_iteration6.TestSeats" name="test_fulfill_unpaid" time="0.306" /><testcase classname="tests.test_iteration6.TestSeats" name="test_decrease_seats_applies_immediately_and_credit_event" time="0.223" /><testcase classname="tests.test_iteration6.TestRegression" name="test_courses_count" time="0.052" /><testcase classname="tests.test_iteration7.TestDemoLesson" name="test_lesson_public_shape" time="0.119" /><testcase classname="tests.test_iteration7.TestDemoLesson" name="test_ask_short_message_422" time="0.102" /><testcase classname="tests.test_iteration7.TestDemoLesson" name="test_ask_long_message_422" time="0.101" /><testcase classname="tests.test_iteration7.TestDemoLesson" name="test_ask_sse_stream" time="9.110" /><testcase classname="tests.test_iteration7.TestDemoLesson" name="test_rate_limit_6th_request" time="0.672" /><testcase classname="tests.test_iteration7.TestCertificatePDF" name="test_pdf_after_quiz_pass" time="0.938" /><testcase classname="tests.test_iteration7.TestDigest" name="test_preview_html" time="0.563" /><testcase classname="tests.test_iteration7.TestDigest" name="test_send_graceful_degradation" time="0.117" /><testcase classname="tests.test_iteration7.TestDigest" name="test_log_endpoint" time="0.104" /><testcase classname="tests.test_iteration7.TestNotifications" name="test_set_and_get_webhooks" time="0.213" /><testcase classname="tests.test_iteration7.TestNotifications" name="test_invalid_slack_url_400" time="0.103" /><testcase classname="tests.test_iteration7.TestNotifications" name="test_invalid_teams_url_400" time="0.105" /><testcase classname="tests.test_iteration7.TestPatchDecideWithWebhook" name="test_patch_decide_does_not_break_with_fake_webhooks" time="12.751"><failure message="AssertionError: &lt;!DOCTYPE html&gt;&#10;  &lt;!--[if lt IE 7]&gt; &lt;html class=&quot;no-js ie6 oldie&quot; lang=&quot;en-US&quot;&gt; &lt;![endif]--&gt;&#10;  &lt;!--[if IE 7]&gt;    &lt;html class=&quot;no-js ie7 oldie&quot; lang=&quot;en-US&quot;&gt; &lt;![endif]--&gt;&#10;  &lt;!--[if IE 8]&gt;    &lt;html class=&quot;no-&#10;assert 502 == 200&#10; +  where 502 = &lt;Response [502]&gt;.status_code">E   AssertionError: &lt;!DOCTYPE html&gt;
      &lt;!--[if lt IE 7]&gt; &lt;html class="no-js ie6 oldie" lang="en-US"&gt; &lt;![endif]--&gt;
      &lt;!--[if IE 7]&gt;    &lt;html class="no-js ie7 oldie" lang="en-US"&gt; &lt;![endif]--&gt;
      &lt;!--[if IE 8]&gt;    &lt;html class="no-
    assert 502 == 200
     +  where 502 = &lt;Response [502]&gt;.status_code</failure></testcase><testcase classname="tests.test_iteration8_pdf" name="test_existing_cert_verify_public" time="0.144" /><testcase classname="tests.test_iteration8_pdf" name="test_existing_cert_pdf_export" time="0.282" /><testcase classname="tests.test_procurement_pack.TestProcurementPack" name="test_status_200" time="0.667" /><testcase classname="tests.test_procurement_pack.TestProcurementPack" name="test_content_type_zip" time="0.000" /><testcase classname="tests.test_procurement_pack.TestProcurementPack" name="test_content_disposition" time="0.000" /><testcase classname="tests.test_procurement_pack.TestProcurementPack" name="test_body_size_over_50kb" time="0.000" /><testcase classname="tests.test_procurement_pack.TestProcurementPack" name="test_zip_has_exactly_5_entries" time="0.000" /><testcase classname="tests.test_procurement_pack.TestProcurementPack" name="test_pdfs_have_magic_bytes_and_over_5kb" time="0.001" /><testcase classname="tests.test_procurement_pack.TestProcurementPack" name="test_readme_has_content" time="0.001" /></testsuite></testsuites>