<?xml version="1.0" encoding="utf-8"?><testsuites name="pytest tests"><testsuite name="pytest" errors="0" failures="0" skipped="0" tests="7" time="11.639" timestamp="2026-07-06T02:33:11.972631+00:00" hostname="agent-env-2ce18ae8-4fee-4027-af16-ed552e0ab7c4"><testcase classname="tests.test_iteration24_emails.TestWelcomeEmail" name="test_register_dispatches_welcome_email_nonblocking" time="1.731" /><testcase classname="tests.test_iteration24_emails.TestForgotPasswordResend" name="test_forgot_password_fires_real_resend_send" time="2.071" /><testcase classname="tests.test_iteration24_emails.TestForgotPasswordResend" name="test_sender_email_is_no_reply_ithr_tech" time="0.801" /><testcase classname="tests.test_iteration24_emails.TestCertificateEmail" name="test_quiz_pass_dispatches_cert_email_nonblocking" time="2.526" /><testcase classname="tests.test_iteration24_emails.TestOrgInviteEmail" name="test_create_invite_dispatches_invite_email" time="2.492" /><testcase classname="tests.test_iteration24_emails.TestSampleCertPdf" name="test_sample_cert_pdf_valid" time="1.076" /><testcase classname="tests.test_iteration24_emails.TestSampleCertPdf" name="test_pdf_template_source_contains_ithr_palette" time="0.802" /></testsuite></testsuites>