<?xml version="1.0" encoding="utf-8"?><testsuites name="pytest tests"><testsuite name="pytest" errors="0" failures="0" skipped="8" tests="25" time="9.154" timestamp="2026-07-06T05:31:26.542187+00:00" hostname="agent-env-2ce18ae8-4fee-4027-af16-ed552e0ab7c4"><testcase classname="tests.test_iteration20_refactors.TestSeatChangeRefactor" name="test_noop_returns_no_change_message" time="0.001"><skipped type="pytest.skip" message="org+admin not provisioned">/app/backend/tests/test_iteration20_refactors.py:178: org+admin not provisioned</skipped></testcase><testcase classname="tests.test_iteration20_refactors.TestSeatChangeRefactor" name="test_below_min_seat_rejected" time="0.000"><skipped type="pytest.skip" message="org+admin not provisioned">/app/backend/tests/test_iteration20_refactors.py:178: org+admin not provisioned</skipped></testcase><testcase classname="tests.test_iteration20_refactors.TestSeatChangeRefactor" name="test_over_max_rejected" time="0.000"><skipped type="pytest.skip" message="org+admin not provisioned">/app/backend/tests/test_iteration20_refactors.py:178: org+admin not provisioned</skipped></testcase><testcase classname="tests.test_iteration20_refactors.TestSeatChangeRefactor" name="test_decrease_returns_credit_note" time="0.001"><skipped type="pytest.skip" message="org+admin not provisioned">/app/backend/tests/test_iteration20_refactors.py:178: org+admin not provisioned</skipped></testcase><testcase classname="tests.test_iteration20_refactors.TestSeatChangeRefactor" name="test_increase_returns_checkout_or_502_accepted" time="0.000"><skipped type="pytest.skip" message="org+admin not provisioned">/app/backend/tests/test_iteration20_refactors.py:178: org+admin not provisioned</skipped></testcase><testcase classname="tests.test_iteration16_analytics.TestPlatformAnalytics" name="test_shape_and_defaults_30d" time="0.620" /><testcase classname="tests.test_iteration16_analytics.TestPlatformAnalytics" name="test_days_7_returns_len_7" time="0.330" /><testcase classname="tests.test_iteration16_analytics.TestPlatformAnalytics" name="test_days_90_returns_len_90" time="0.113" /><testcase classname="tests.test_iteration16_analytics.TestPlatformAnalytics" name="test_days_clamp_below_7" time="0.262" /><testcase classname="tests.test_iteration16_analytics.TestPlatformAnalytics" name="test_days_clamp_above_90" time="0.107" /><testcase classname="tests.test_iteration16_analytics.TestOrgAnalytics" name="test_shape_as_org_admin" time="1.457" /><testcase classname="tests.test_iteration16_analytics.TestPlatformAnalytics" name="test_no_token_returns_401_or_403" time="0.115" /><testcase classname="tests.test_iteration16_analytics.TestOrgAnalytics" name="test_learner_in_no_org_returns_404" time="0.715" /><testcase classname="tests.test_iteration16_analytics.TestPlatformAnalytics" name="test_learner_token_returns_403_super_admin_only" time="0.628" /><testcase classname="tests.test_iteration16_analytics.TestOrgAnalytics" name="test_non_admin_org_member_returns_403" time="1.310" /><testcase classname="tests.test_iteration20_refactors.TestCreateOrgWithAdmin" name="test_full_org_and_admin_provisioning" time="1.039" /><testcase classname="tests.test_iteration20_refactors.TestCreateOrgWithAdmin" name="test_missing_name_returns_400" time="0.309" /><testcase classname="tests.test_iteration16_analytics.TestOrgAnalytics" name="test_no_token_returns_401_or_403" time="0.311" /><testcase classname="tests.test_iteration20_refactors.TestCreateOrgWithAdmin" name="test_invalid_admin_email_returns_400" time="0.312" /><testcase classname="tests.test_iteration20_refactors.TestEnterpriseAdminCreateUser" name="test_matching_domain_creates_user" time="0.000"><skipped type="pytest.skip" message="org+admin not provisioned by prior test">/app/backend/tests/test_iteration20_refactors.py:132: org+admin not provisioned by prior test</skipped></testcase><testcase classname="tests.test_iteration20_refactors.TestEnterpriseAdminCreateUser" name="test_mismatched_domain_rejected" time="0.000"><skipped type="pytest.skip" message="org+admin not provisioned by prior test">/app/backend/tests/test_iteration20_refactors.py:132: org+admin not provisioned by prior test</skipped></testcase><testcase classname="tests.test_iteration20_refactors.TestEnterpriseAdminCreateUser" name="test_missing_full_name_rejected" time="0.000"><skipped type="pytest.skip" message="org+admin not provisioned by prior test">/app/backend/tests/test_iteration20_refactors.py:132: org+admin not provisioned by prior test</skipped></testcase><testcase classname="tests.test_iteration20_refactors.TestRecommendationsShape" name="test_recommendations_returns_expected_shape" time="0.323" /><testcase classname="tests.test_iteration20_refactors.TestRecommendationsShape" name="test_next_best_returns_recommendation_with_rationale" time="4.416" /><testcase classname="tests.test_iteration20_refactors.TestRecommendationsShape" name="test_recommendations_requires_auth" time="0.045" /></testsuite></testsuites>