<?xml version="1.0" encoding="utf-8"?><testsuites name="pytest tests"><testsuite name="pytest" errors="0" failures="1" skipped="0" tests="9" time="66.991" timestamp="2026-07-21T21:06:32.613352+00:00" hostname="agent-env-6e8bf550-dac5-447e-8891-7c8a53905280"><testcase classname="tests.test_iteration68_review_fixes.TestAlertAutomationDedupe" name="test_unique_index_exists" time="0.488" /><testcase classname="tests.test_iteration68_review_fixes.TestAlertAutomationDedupe" name="test_dedupe_under_concurrency_then_resume_after_resolve" time="3.637"><failure message="AssertionError: dedupe race — expected &lt;=1 auto run, got 2&#10;assert 2 &lt;= 1">backend/tests/test_iteration68_review_fixes.py:180: in test_dedupe_under_concurrency_then_resume_after_resolve
    assert run_count &lt;= 1, f"dedupe race — expected &lt;=1 auto run, got {run_count}"
E   AssertionError: dedupe race — expected &lt;=1 auto run, got 2
E   assert 2 &lt;= 1</failure></testcase><testcase classname="tests.test_iteration68_review_fixes.TestInspireRateLimit" name="test_21st_call_returns_429" time="54.816" /><testcase classname="tests.test_iteration68_review_fixes.TestChangePasswordRateLimit" name="test_9th_wrong_password_returns_429" time="3.276" /><testcase classname="tests.test_iteration68_review_fixes.TestMeSummaryRecentEventsField" name="test_recent_events_carries_kind_not_event_type" time="0.457" /><testcase classname="tests.test_iteration68_review_fixes.TestRegression" name="test_signup_triggers_user_signup_automation" time="2.326" /><testcase classname="tests.test_iteration68_review_fixes.TestRegression" name="test_automations_list_endpoint" time="0.134" /><testcase classname="tests.test_iteration68_review_fixes.TestRegression" name="test_daily_goal_patch_still_works" time="1.558" /><testcase classname="tests.test_iteration68_review_fixes.TestRegression" name="test_alerts_center_still_returns_shape" time="0.103" /></testsuite></testsuites>