<?xml version="1.0" encoding="utf-8"?><testsuites name="pytest tests"><testsuite name="pytest" errors="0" failures="0" skipped="0" tests="9" time="7.355" timestamp="2026-07-05T02:14:03.199781+00:00" hostname="agent-env-2ce18ae8-4fee-4027-af16-ed552e0ab7c4"><testcase classname="tests.test_iteration11" name="test_security_headers_on_api[/api/courses]" time="0.168" /><testcase classname="tests.test_iteration11" name="test_security_headers_on_api[/api/intelligence/briefing]" time="0.106" /><testcase classname="tests.test_iteration11" name="test_courses_seeded_with_freshness" time="0.095" /><testcase classname="tests.test_iteration11" name="test_assessment_questions_bank_size" time="0.097" /><testcase classname="tests.test_iteration11" name="test_recommendation_next_best_cache" time="4.706" /><testcase classname="tests.test_iteration11" name="test_enterprise_create_org_returns_hex_id" time="0.385" /><testcase classname="tests.test_iteration11" name="test_enterprise_create_invite_returns_hex_id" time="0.431" /><testcase classname="tests.test_iteration11" name="test_passport_me_returns_200" time="0.359" /><testcase classname="tests.test_iteration11" name="test_passport_public_by_slug" time="0.469" /></testsuite></testsuites>