<?xml version="1.0" encoding="utf-8"?><testsuites name="pytest tests"><testsuite name="pytest" errors="0" failures="0" skipped="0" tests="19" time="33.491" timestamp="2026-07-20T23:18:35.131002+00:00" hostname="agent-env-6e8bf550-dac5-447e-8891-7c8a53905280"><testcase classname="tests.test_iteration60_pulsedesk.TestAdmin" name="test_admin_conversations_requires_auth" time="0.204" /><testcase classname="tests.test_iteration60_pulsedesk.TestVisitorMessage" name="test_visitor_message_returns_ai_reply" time="4.455" /><testcase classname="tests.test_iteration60_pulsedesk.TestAdmin" name="test_admin_lists_conversations" time="3.623" /><testcase classname="tests.test_iteration60_pulsedesk.TestAdmin" name="test_admin_conversation_messages" time="3.384" /><testcase classname="tests.test_iteration60_pulsedesk.TestVisitorMessage" name="test_visitor_message_persists_both" time="4.655" /><testcase classname="tests.test_iteration60_pulsedesk.TestAdmin" name="test_admin_callbacks_list" time="0.055" /><testcase classname="tests.test_iteration60_pulsedesk.TestVisitorJoin" name="test_first_join_returns_greeting" time="0.057" /><testcase classname="tests.test_iteration60_pulsedesk.TestVisitorJoin" name="test_repeat_join_returns_same_conversation" time="0.111" /><testcase classname="tests.test_iteration60_pulsedesk.TestVisitorJoin" name="test_unknown_widget_key_404" time="0.057" /><testcase classname="tests.test_iteration60_pulsedesk.TestWidgetScript" name="test_widget_js_served" time="0.054" /><testcase classname="tests.test_iteration60_pulsedesk.TestWidgetScript" name="test_widget_js_cache_headers" time="0.050" /><testcase classname="tests.test_iteration60_pulsedesk.TestConfig" name="test_config_public" time="0.055" /><testcase classname="tests.test_iteration60_pulsedesk.TestConfig" name="test_config_unknown_key_404" time="0.062" /><testcase classname="tests.test_iteration60_pulsedesk.TestTenantBootstrap" name="test_ithr_tenant_provisioned" time="0.002" /><testcase classname="tests.test_iteration60_pulsedesk.TestCallback" name="test_callback_records_and_appends_system_msg" time="0.174" /><testcase classname="tests.test_iteration60_pulsedesk.TestVisitorMessage" name="test_page_context_length_cap" time="0.057" /><testcase classname="tests.test_iteration60_pulsedesk.TestVisitorMessage" name="test_message_length_cap" time="0.048" /><testcase classname="tests.test_iteration60_pulsedesk.TestVisitorMessage" name="test_empty_message_rejected" time="0.047" /><testcase classname="tests.test_iteration60_pulsedesk.TestVisitorMessage" name="test_five_messages_succeed" time="23.593" /></testsuite></testsuites>