<?xml version="1.0" encoding="utf-8"?><testsuites name="pytest tests"><testsuite name="pytest" errors="0" failures="0" skipped="0" tests="11" time="61.372" timestamp="2026-07-06T16:10:08.033334+00:00" hostname="agent-env-2ce18ae8-4fee-4027-af16-ed552e0ab7c4"><testcase classname="tests.test_iteration36_voice_cert.TestRegressions" name="test_certificate_verify_json" time="0.219" /><testcase classname="tests.test_iteration36_voice_cert.TestVoiceTTS" name="test_tts_default_shimmer" time="1.452" /><testcase classname="tests.test_iteration36_voice_cert.TestRegressions" name="test_demo_ask_streams" time="1.231" /><testcase classname="tests.test_iteration36_voice_cert.TestRegressions" name="test_tutor_sse_authenticated" time="57.957" /><testcase classname="tests.test_iteration36_voice_cert.TestVoiceTTS" name="test_tts_coral_voice" time="1.855" /><testcase classname="tests.test_iteration36_voice_cert.TestVoiceTTS" name="test_tts_empty_text_400" time="0.108" /><testcase classname="tests.test_iteration36_voice_cert.TestVoiceTTS" name="test_tts_long_text_truncated_ok" time="56.306" /><testcase classname="tests.test_iteration36_voice_cert.TestVoiceSTT" name="test_stt_empty_upload_400" time="0.165" /><testcase classname="tests.test_iteration36_voice_cert.TestVoiceSTT" name="test_stt_silence_returns_text_field" time="1.263" /><testcase classname="tests.test_iteration36_voice_cert.TestCertificatePDF" name="test_pdf_ok" time="0.538" /><testcase classname="tests.test_iteration36_voice_cert.TestDataPurge" name="test_kpi_reachable_and_user_count_reasonable" time="0.459" /></testsuite></testsuites>