<?xml version="1.0" encoding="utf-8"?><testsuites name="pytest tests"><testsuite name="pytest" errors="0" failures="0" skipped="0" tests="14" time="9.425" timestamp="2026-07-05T19:08:02.756952+00:00" hostname="agent-env-2ce18ae8-4fee-4027-af16-ed552e0ab7c4"><testcase classname="tests.test_iteration20_refactors.TestCreateOrgWithAdmin" name="test_full_org_and_admin_provisioning" time="0.817" /><testcase classname="tests.test_iteration20_refactors.TestCreateOrgWithAdmin" name="test_missing_name_returns_400" time="0.325" /><testcase classname="tests.test_iteration20_refactors.TestCreateOrgWithAdmin" name="test_invalid_admin_email_returns_400" time="0.324" /><testcase classname="tests.test_iteration20_refactors.TestEnterpriseAdminCreateUser" name="test_matching_domain_creates_user" time="0.552" /><testcase classname="tests.test_iteration20_refactors.TestEnterpriseAdminCreateUser" name="test_mismatched_domain_rejected" time="0.324" /><testcase classname="tests.test_iteration20_refactors.TestEnterpriseAdminCreateUser" name="test_missing_full_name_rejected" time="0.330" /><testcase classname="tests.test_iteration20_refactors.TestSeatChangeRefactor" name="test_noop_returns_no_change_message" time="0.324" /><testcase classname="tests.test_iteration20_refactors.TestSeatChangeRefactor" name="test_below_min_seat_rejected" time="0.321" /><testcase classname="tests.test_iteration20_refactors.TestSeatChangeRefactor" name="test_over_max_rejected" time="0.325" /><testcase classname="tests.test_iteration20_refactors.TestSeatChangeRefactor" name="test_decrease_returns_credit_note" time="0.337" /><testcase classname="tests.test_iteration20_refactors.TestSeatChangeRefactor" name="test_increase_returns_checkout_or_502_accepted" time="0.900" /><testcase classname="tests.test_iteration20_refactors.TestRecommendationsShape" name="test_recommendations_returns_expected_shape" time="0.330" /><testcase classname="tests.test_iteration20_refactors.TestRecommendationsShape" name="test_next_best_returns_recommendation_with_rationale" time="4.064" /><testcase classname="tests.test_iteration20_refactors.TestRecommendationsShape" name="test_recommendations_requires_auth" time="0.056" /></testsuite></testsuites>