<?xml version="1.0" encoding="utf-8"?><testsuites name="pytest tests"><testsuite name="pytest" errors="0" failures="0" skipped="0" tests="9" time="19.905" timestamp="2026-07-21T21:06:07.574002+00:00" hostname="agent-env-6e8bf550-dac5-447e-8891-7c8a53905280"><testcase classname="tests.test_iteration69_starter_automations.TestSeedIdempotency" name="test_five_starter_rules_exist_with_expected_shape" time="0.005" /><testcase classname="tests.test_iteration69_starter_automations.TestSeedIdempotency" name="test_restart_backend_keeps_count_at_five" time="6.512" /><testcase classname="tests.test_iteration69_starter_automations.TestUserSignupTrigger" name="test_signup_creates_run_and_audit_entry" time="3.363" /><testcase classname="tests.test_iteration69_starter_automations.TestCertificateIssuedTrigger" name="test_direct_invoke_writes_audit_entry" time="0.533" /><testcase classname="tests.test_iteration69_starter_automations.TestModule5CompletedTrigger" name="test_direct_invoke_writes_audit_entry" time="0.141" /><testcase classname="tests.test_iteration69_starter_automations.TestAlertHighSeverityTrigger" name="test_alert_creates_one_run_and_audit_entry" time="5.484" /><testcase classname="tests.test_iteration69_starter_automations.TestEnterpriseLeadTrigger" name="test_lead_submission_creates_run_and_audit" time="3.136" /><testcase classname="tests.test_iteration69_starter_automations.TestStarterRuleCRUD" name="test_toggle_and_test_endpoint_dry_run" time="0.430" /><testcase classname="tests.test_iteration69_starter_automations.TestStarterRuleCRUD" name="test_list_endpoint_returns_five_starters" time="0.110" /></testsuite></testsuites>