<?xml version="1.0" encoding="utf-8"?><testsuites name="pytest tests"><testsuite name="pytest" errors="0" failures="0" skipped="0" tests="55" time="20.475" timestamp="2026-07-04T09:35:39.401322+00:00" hostname="agent-env-2ce18ae8-4fee-4027-af16-ed552e0ab7c4"><testcase classname="tests.backend_test.TestStripeCheckout" name="test_list_packages" time="0.368" /><testcase classname="tests.backend_test.TestAuth" name="test_register_duplicate" time="0.414" /><testcase classname="tests.backend_test.TestStripeCheckout" name="test_create_session_requires_auth" time="0.314" /><testcase classname="tests.backend_test.TestAuth" name="test_login_valid" time="0.267" /><testcase classname="tests.backend_test.TestAuth" name="test_login_invalid" time="0.500" /><testcase classname="tests.backend_test.TestStripeCheckout" name="test_create_session_invalid_package" time="0.499" /><testcase classname="tests.backend_test.TestStripeCheckout" name="test_create_session_practitioner_monthly" time="0.541" /><testcase classname="tests.backend_test.TestAuth" name="test_me_with_token" time="0.539" /><testcase classname="tests.backend_test.TestAuth" name="test_me_without_token" time="0.510" /><testcase classname="tests.backend_test.TestStripeCheckout" name="test_create_session_team_seats_clamped" time="0.507" /><testcase classname="tests.backend_test.TestStripeCheckout" name="test_create_session_team_seats_clamped_min" time="0.405" /><testcase classname="tests.backend_test.TestAuth" name="test_google_callback_missing_session_id" time="0.404" /><testcase classname="tests.backend_test.TestStripeCheckout" name="test_checkout_status_requires_auth" time="0.099" /><testcase classname="tests.backend_test.TestAuth" name="test_google_callback_invalid_session_id" time="0.913" /><testcase classname="tests.backend_test.TestStripeCheckout" name="test_checkout_status_returns_data" time="0.278" /><testcase classname="tests.backend_test.TestStripeCheckout" name="test_checkout_status_unknown_session_404" time="0.083" /><testcase classname="tests.backend_test.TestStripeCheckout" name="test_checkout_status_forbidden_other_user" time="0.760" /><testcase classname="tests.backend_test.TestIntelligence" name="test_briefing_public_returns_valid_schema" time="0.225" /><testcase classname="tests.backend_test.TestIntelligence" name="test_briefing_cache_behavior" time="0.083" /><testcase classname="tests.backend_test.TestStripeCheckout" name="test_webhook_bad_signature_returns_400" time="0.097" /><testcase classname="tests.backend_test.TestIntelligence" name="test_briefing_force_bypasses_cache" time="0.041" /><testcase classname="tests.backend_test.TestIntelligence" name="test_course_refresh_requires_auth" time="0.098" /><testcase classname="tests.backend_test.TestStripeCheckout" name="test_create_session_missing_origin_url" time="0.041" /><testcase classname="tests.backend_test.TestStripeCheckout" name="test_payment_transaction_persisted" time="0.696" /><testcase classname="tests.backend_test.TestIntelligence" name="test_course_refresh_unknown_slug_404" time="0.374" /><testcase classname="tests.backend_test.TestIntelligence" name="test_course_refresh_returns_schema" time="0.280" /><testcase classname="tests.backend_test.TestCourses" name="test_list_all" time="0.043" /><testcase classname="tests.backend_test.TestFullCourses" name="test_full_course_has_15_modules_12_quiz[agentic-ai-foundations]" time="0.049" /><testcase classname="tests.backend_test.TestCourses" name="test_filter_by_difficulty" time="0.043" /><testcase classname="tests.backend_test.TestCourses" name="test_filter_by_category" time="0.090" /><testcase classname="tests.backend_test.TestFullCourses" name="test_full_course_has_15_modules_12_quiz[prompt-engineering-mastery]" time="0.045" /><testcase classname="tests.backend_test.TestFullCourses" name="test_full_course_has_15_modules_12_quiz[multi-agent-systems]" time="0.045" /><testcase classname="tests.backend_test.TestCourses" name="test_search_query" time="0.044" /><testcase classname="tests.backend_test.TestFullCourses" name="test_full_course_has_15_modules_12_quiz[rag-enterprise]" time="0.049" /><testcase classname="tests.backend_test.TestCourses" name="test_get_full_course" time="0.049" /><testcase classname="tests.backend_test.TestFullCourses" name="test_full_course_has_15_modules_12_quiz[ai-governance-compliance]" time="0.043" /><testcase classname="tests.backend_test.TestQuizCert" name="test_submit_quiz_pass_and_certificate" time="0.094" /><testcase classname="tests.backend_test.TestFullCourses" name="test_list_has_five_full_courses" time="0.044" /><testcase classname="tests.backend_test.TestEnrollment" name="test_enroll_requires_auth" time="0.095" /><testcase classname="tests.backend_test.TestQuizCert" name="test_certificates_list" time="0.041" /><testcase classname="tests.backend_test.TestQuizCert" name="test_certificate_verify_public" time="0.196" /><testcase classname="tests.backend_test.TestEnrollment" name="test_enroll_first_and_repeat" time="0.087" /><testcase classname="tests.backend_test.TestEnrollment" name="test_get_enrollments" time="0.043" /><testcase classname="tests.backend_test.TestEnrollment" name="test_complete_lesson" time="0.092" /><testcase classname="tests.backend_test.TestQuizCert" name="test_certificate_verify_not_found" time="0.085" /><testcase classname="tests.backend_test.TestCatalog" name="test_industries" time="0.041" /><testcase classname="tests.backend_test.TestCatalog" name="test_categories" time="0.081" /><testcase classname="tests.backend_test.TestQuizCert" name="test_submit_quiz_fail" time="0.397" /><testcase classname="tests.backend_test.TestCatalog" name="test_certification_paths" time="0.193" /><testcase classname="tests.backend_test" name="test_health" time="0.080" /><testcase classname="tests.backend_test.TestDashboard" name="test_stats" time="0.084" /><testcase classname="tests.backend_test.TestFreshness" name="test_list_courses_have_freshness_fields" time="0.045" /><testcase classname="tests.backend_test.TestAITutor" name="test_stream_tutor" time="14.185" /><testcase classname="tests.backend_test.TestFreshness" name="test_freshness_decreases_with_days" time="0.043" /><testcase classname="tests.backend_test.TestFreshness" name="test_single_course_has_freshness_fields" time="0.282" /></testsuite></testsuites>