<?xml version="1.0" encoding="utf-8"?><testsuites name="pytest tests"><testsuite name="pytest" errors="0" failures="0" skipped="0" tests="20" time="16.384" timestamp="2026-07-04T11:52:50.783607+00:00" hostname="agent-env-2ce18ae8-4fee-4027-af16-ed552e0ab7c4"><testcase classname="tests.test_iteration6.TestPaths" name="test_list_paths" time="0.212" /><testcase classname="tests.test_iteration6.TestPaths" name="test_get_path_detail" time="0.249" /><testcase classname="tests.test_iteration6.TestPaths" name="test_path_not_found" time="0.083" /><testcase classname="tests.test_iteration6.TestSeats" name="test_preview_checkout" time="0.818" /><testcase classname="tests.test_iteration6.TestPaths" name="test_enroll_path_and_idempotency" time="0.371" /><testcase classname="tests.test_iteration6.TestSeats" name="test_preview_credit" time="0.048" /><testcase classname="tests.test_iteration6.TestSeats" name="test_preview_noop" time="0.067" /><testcase classname="tests.test_iteration6.TestSeats" name="test_increase_seats_returns_checkout" time="0.789" /><testcase classname="tests.test_iteration6.TestPassport" name="test_me_fresh_learner" time="0.753" /><testcase classname="tests.test_iteration6.TestPassport" name="test_public_passport_no_auth" time="0.097" /><testcase classname="tests.test_iteration6.TestSeats" name="test_fulfill_unpaid" time="0.321" /><testcase classname="tests.test_iteration6.TestPassport" name="test_certificate_lifts_credential_level" time="0.432" /><testcase classname="tests.test_iteration6.TestSeats" name="test_decrease_seats_applies_immediately_and_credit_event" time="0.424" /><testcase classname="tests.test_iteration6.TestAdaptive" name="test_onboarding_mode_new_learner" time="0.538" /><testcase classname="tests.test_iteration6.TestPatches" name="test_seed_and_decide_patch" time="13.279" /><testcase classname="tests.test_iteration6.TestAdaptive" name="test_reinforce_after_fail" time="0.358" /><testcase classname="tests.test_iteration6.TestAdaptive" name="test_escalate_after_pass" time="0.045" /><testcase classname="tests.test_iteration6.TestRegression" name="test_courses_count" time="0.045" /><testcase classname="tests.test_iteration6.TestPatches" name="test_decide_invalid_id" time="0.047" /><testcase classname="tests.test_iteration6.TestPatches" name="test_decide_invalid_value" time="0.050" /></testsuite></testsuites>