<?xml version="1.0" encoding="utf-8"?><testsuites name="pytest tests"><testsuite name="pytest" errors="0" failures="0" skipped="0" tests="13" time="13.198" timestamp="2026-07-04T12:50:24.383588+00:00" hostname="agent-env-2ce18ae8-4fee-4027-af16-ed552e0ab7c4"><testcase classname="tests.test_iteration7.TestDemoLesson" name="test_lesson_public_shape" time="0.159" /><testcase classname="tests.test_iteration7.TestDemoLesson" name="test_ask_short_message_422" time="0.094" /><testcase classname="tests.test_iteration7.TestDemoLesson" name="test_ask_long_message_422" time="0.103" /><testcase classname="tests.test_iteration7.TestDemoLesson" name="test_ask_sse_stream" time="9.623" /><testcase classname="tests.test_iteration7.TestDemoLesson" name="test_rate_limit_6th_request" time="0.633" /><testcase classname="tests.test_iteration7.TestCertificatePDF" name="test_pdf_after_quiz_pass" time="0.915" /><testcase classname="tests.test_iteration7.TestDigest" name="test_preview_html" time="0.522" /><testcase classname="tests.test_iteration7.TestDigest" name="test_send_graceful_degradation" time="0.101" /><testcase classname="tests.test_iteration7.TestDigest" name="test_log_endpoint" time="0.102" /><testcase classname="tests.test_iteration7.TestNotifications" name="test_set_and_get_webhooks" time="0.198" /><testcase classname="tests.test_iteration7.TestNotifications" name="test_invalid_slack_url_400" time="0.097" /><testcase classname="tests.test_iteration7.TestNotifications" name="test_invalid_teams_url_400" time="0.100" /><testcase classname="tests.test_iteration7.TestPatchDecideWithWebhook" name="test_patch_decide_does_not_break_with_fake_webhooks" time="0.489" /></testsuite></testsuites>