<?xml version="1.0" encoding="utf-8"?><testsuites name="pytest tests"><testsuite name="pytest" errors="0" failures="1" skipped="0" tests="18" time="19.067" timestamp="2026-07-04T10:24:33.829564+00:00" hostname="agent-env-2ce18ae8-4fee-4027-af16-ed552e0ab7c4"><testcase classname="tests.test_iteration5.TestAssessmentSubmitAndCert" name="test_submit_pass_and_no_duplicate_cert" time="1.099" /><testcase classname="tests.test_iteration5.TestMentor" name="test_chat_sse_creates_session" time="9.741" /><testcase classname="tests.test_iteration5.TestAssessmentSubmitAndCert" name="test_certificates_list_contains_cert" time="0.042" /><testcase classname="tests.test_iteration5.TestAssessmentSubmitAndCert" name="test_attempts_hides_answers" time="0.041" /><testcase classname="tests.test_iteration5.TestAssessmentSubmitAndCert" name="test_certificate_qr_svg" time="0.055" /><testcase classname="tests.test_iteration5.TestAssessmentSubmitAndCert" name="test_certificate_qr_not_found" time="0.040" /><testcase classname="tests.test_iteration5.TestRegression" name="test_courses_count" time="0.042" /><testcase classname="tests.test_iteration5.TestRegression" name="test_intelligence_signals" time="0.041"><failure message="assert 404 == 200&#10; +  where 404 = &lt;Response [404]&gt;.status_code">tests/test_iteration5.py:343: in test_intelligence_signals
    assert r.status_code == 200
E   assert 404 == 200
E    +  where 404 = &lt;Response [404]&gt;.status_code</failure></testcase><testcase classname="tests.test_iteration5.TestRegression" name="test_enterprise_dashboard_requires_auth" time="0.101" /><testcase classname="tests.test_iteration5.TestAssessmentSession" name="test_session_returns_questions_shape" time="0.041" /><testcase classname="tests.test_iteration5.TestAssessmentSession" name="test_session_randomization" time="0.081" /><testcase classname="tests.test_iteration5.TestRecommendations" name="test_recommendations_list" time="0.049" /><testcase classname="tests.test_iteration5.TestRecommendations" name="test_next_best_and_cache" time="5.024" /><testcase classname="tests.test_iteration5.TestMentor" name="test_list_sessions_contains" time="0.045" /><testcase classname="tests.test_iteration5.TestMentor" name="test_get_session_messages" time="0.043" /><testcase classname="tests.test_iteration5.TestMentor" name="test_chat_continuity_with_session_id" time="8.447" /><testcase classname="tests.test_iteration5.TestMentor" name="test_delete_session_and_404" time="0.125" /><testcase classname="tests.test_iteration5.TestMentor" name="test_mentor_requires_auth" time="0.113" /></testsuite></testsuites>