<?xml version="1.0" encoding="utf-8"?><testsuites name="pytest tests"><testsuite name="pytest" errors="0" failures="0" skipped="0" tests="33" time="31.045" timestamp="2026-07-04T08:54:00.344642+00:00" hostname="agent-env-2ce18ae8-4fee-4027-af16-ed552e0ab7c4"><testcase classname="tests.backend_test.TestIntelligence" name="test_briefing_public_returns_valid_schema" time="0.385" /><testcase classname="tests.backend_test.TestAuth" name="test_register_duplicate" time="0.432" /><testcase classname="tests.backend_test.TestIntelligence" name="test_briefing_cache_behavior" time="0.086" /><testcase classname="tests.backend_test.TestAuth" name="test_login_valid" time="0.307" /><testcase classname="tests.backend_test.TestIntelligence" name="test_briefing_force_bypasses_cache" time="0.227" /><testcase classname="tests.backend_test.TestIntelligence" name="test_course_refresh_requires_auth" time="0.307" /><testcase classname="tests.backend_test.TestAuth" name="test_login_invalid" time="0.266" /><testcase classname="tests.backend_test.TestAuth" name="test_me_with_token" time="0.082" /><testcase classname="tests.backend_test.TestAuth" name="test_me_without_token" time="0.209" /><testcase classname="tests.backend_test.TestAuth" name="test_google_callback_missing_session_id" time="0.047" /><testcase classname="tests.backend_test.TestIntelligence" name="test_course_refresh_unknown_slug_404" time="0.336" /><testcase classname="tests.backend_test.TestIntelligence" name="test_course_refresh_returns_schema" time="28.887" /><testcase classname="tests.backend_test.TestAuth" name="test_google_callback_invalid_session_id" time="0.311" /><testcase classname="tests.backend_test.TestQuizCert" name="test_submit_quiz_pass_and_certificate" time="0.108" /><testcase classname="tests.backend_test.TestQuizCert" name="test_certificates_list" time="0.044" /><testcase classname="tests.backend_test.TestQuizCert" name="test_certificate_verify_public" time="0.168" /><testcase classname="tests.backend_test.TestQuizCert" name="test_certificate_verify_not_found" time="0.044" /><testcase classname="tests.backend_test.TestQuizCert" name="test_submit_quiz_fail" time="0.401" /><testcase classname="tests.backend_test.TestEnrollment" name="test_enroll_requires_auth" time="0.133" /><testcase classname="tests.backend_test.TestEnrollment" name="test_enroll_first_and_repeat" time="0.088" /><testcase classname="tests.backend_test.TestEnrollment" name="test_get_enrollments" time="0.046" /><testcase classname="tests.backend_test.TestEnrollment" name="test_complete_lesson" time="0.089" /><testcase classname="tests.backend_test.TestCatalog" name="test_industries" time="0.045" /><testcase classname="tests.backend_test.TestCatalog" name="test_categories" time="0.044" /><testcase classname="tests.backend_test.TestCatalog" name="test_certification_paths" time="0.043" /><testcase classname="tests.backend_test" name="test_health" time="0.043" /><testcase classname="tests.backend_test.TestDashboard" name="test_stats" time="0.045" /><testcase classname="tests.backend_test.TestAITutor" name="test_stream_tutor" time="12.520" /><testcase classname="tests.backend_test.TestCourses" name="test_list_all" time="0.094" /><testcase classname="tests.backend_test.TestCourses" name="test_filter_by_difficulty" time="0.044" /><testcase classname="tests.backend_test.TestCourses" name="test_filter_by_category" time="0.090" /><testcase classname="tests.backend_test.TestCourses" name="test_search_query" time="0.048" /><testcase classname="tests.backend_test.TestCourses" name="test_get_full_course" time="0.046" /></testsuite></testsuites>